Building DAG of jobs...
File path /sto1/ref/bioinfotree/task//msigdb/dataset/v2022.1.Mm/m1.all.v2022.1.Mm.symbols.gmt.gz contains double '/'. This is likely unintended. It can also lead to inconsistent results of the file-matching approach used by Snakemake.
File path /sto1/ref/bioinfotree/task//msigdb/dataset/v2022.1.Mm/m1.all.v2022.1.Mm.symbols.gmt contains double '/'. This is likely unintended. It can also lead to inconsistent results of the file-matching approach used by Snakemake.
File path /sto1/ref/bioinfotree/task//msigdb/dataset/v2022.1.Mm//sto1/ref/bioinfotree/task//msigdb/dataset/v2022.1.Mm/m1.all.v2022.1.Mm.symbols.v2022.1.Mm.symbols.gmt.gz contains double '/'. This is likely unintended. It can also lead to inconsistent results of the file-matching approach used by Snakemake.
File path /sto1/ref/bioinfotree/task//msigdb/dataset/v2022.1.Mm/m1.all.v2022.1.Mm.symbols.gmt contains double '/'. This is likely unintended. It can also lead to inconsistent results of the file-matching approach used by Snakemake.
File path /sto1/ref/bioinfotree/task//msigdb/dataset/v2022.1.Mm/m2.all.v2022.1.Mm.symbols.gmt.gz contains double '/'. This is likely unintended. It can also lead to inconsistent results of the file-matching approach used by Snakemake.
File path /sto1/ref/bioinfotree/task//msigdb/dataset/v2022.1.Mm/m2.all.v2022.1.Mm.symbols.gmt contains double '/'. This is likely unintended. It can also lead to inconsistent results of the file-matching approach used by Snakemake.
File path /sto1/ref/bioinfotree/task//msigdb/dataset/v2022.1.Mm//sto1/ref/bioinfotree/task//msigdb/dataset/v2022.1.Mm/m2.all.v2022.1.Mm.symbols.v2022.1.Mm.symbols.gmt.gz contains double '/'. This is likely unintended. It can also lead to inconsistent results of the file-matching approach used by Snakemake.
File path /sto1/ref/bioinfotree/task//msigdb/dataset/v2022.1.Mm/m2.all.v2022.1.Mm.symbols.gmt contains double '/'. This is likely unintended. It can also lead to inconsistent results of the file-matching approach used by Snakemake.
File path /sto1/ref/bioinfotree/task//msigdb/dataset/v2022.1.Mm/m2.cgp.v2022.1.Mm.symbols.gmt.gz contains double '/'. This is likely unintended. It can also lead to inconsistent results of the file-matching approach used by Snakemake.
File path /sto1/ref/bioinfotree/task//msigdb/dataset/v2022.1.Mm/m2.cgp.v2022.1.Mm.symbols.gmt contains double '/'. This is likely unintended. It can also lead to inconsistent results of the file-matching approach used by Snakemake.
File path /sto1/ref/bioinfotree/task//msigdb/dataset/v2022.1.Mm//sto1/ref/bioinfotree/task//msigdb/dataset/v2022.1.Mm/m2.cgp.v2022.1.Mm.symbols.v2022.1.Mm.symbols.gmt.gz contains double '/'. This is likely unintended. It can also lead to inconsistent results of the file-matching approach used by Snakemake.
File path /sto1/ref/bioinfotree/task//msigdb/dataset/v2022.1.Mm/m2.cgp.v2022.1.Mm.symbols.gmt contains double '/'. This is likely unintended. It can also lead to inconsistent results of the file-matching approach used by Snakemake.
File path /sto1/ref/bioinfotree/task//msigdb/dataset/v2022.1.Mm/m2.cp.biocarta.v2022.1.Mm.symbols.gmt.gz contains double '/'. This is likely unintended. It can also lead to inconsistent results of the file-matching approach used by Snakemake.
File path /sto1/ref/bioinfotree/task//msigdb/dataset/v2022.1.Mm/m2.cp.biocarta.v2022.1.Mm.symbols.gmt contains double '/'. This is likely unintended. It can also lead to inconsistent results of the file-matching approach used by Snakemake.
File path /sto1/ref/bioinfotree/task//msigdb/dataset/v2022.1.Mm//sto1/ref/bioinfotree/task//msigdb/dataset/v2022.1.Mm/m2.cp.biocarta.v2022.1.Mm.symbols.v2022.1.Mm.symbols.gmt.gz contains double '/'. This is likely unintended. It can also lead to inconsistent results of the file-matching approach used by Snakemake.
File path /sto1/ref/bioinfotree/task//msigdb/dataset/v2022.1.Mm/m2.cp.biocarta.v2022.1.Mm.symbols.gmt contains double '/'. This is likely unintended. It can also lead to inconsistent results of the file-matching approach used by Snakemake.
File path /sto1/ref/bioinfotree/task//msigdb/dataset/v2022.1.Mm/m2.cp.reactome.v2022.1.Mm.symbols.gmt.gz contains double '/'. This is likely unintended. It can also lead to inconsistent results of the file-matching approach used by Snakemake.
File path /sto1/ref/bioinfotree/task//msigdb/dataset/v2022.1.Mm/m2.cp.reactome.v2022.1.Mm.symbols.gmt contains double '/'. This is likely unintended. It can also lead to inconsistent results of the file-matching approach used by Snakemake.
File path /sto1/ref/bioinfotree/task//msigdb/dataset/v2022.1.Mm//sto1/ref/bioinfotree/task//msigdb/dataset/v2022.1.Mm/m2.cp.reactome.v2022.1.Mm.symbols.v2022.1.Mm.symbols.gmt.gz contains double '/'. This is likely unintended. It can also lead to inconsistent results of the file-matching approach used by Snakemake.
File path /sto1/ref/bioinfotree/task//msigdb/dataset/v2022.1.Mm/m2.cp.reactome.v2022.1.Mm.symbols.gmt contains double '/'. This is likely unintended. It can also lead to inconsistent results of the file-matching approach used by Snakemake.
File path /sto1/ref/bioinfotree/task//msigdb/dataset/v2022.1.Mm/m2.cp.v2022.1.Mm.symbols.gmt.gz contains double '/'. This is likely unintended. It can also lead to inconsistent results of the file-matching approach used by Snakemake.
File path /sto1/ref/bioinfotree/task//msigdb/dataset/v2022.1.Mm/m2.cp.v2022.1.Mm.symbols.gmt contains double '/'. This is likely unintended. It can also lead to inconsistent results of the file-matching approach used by Snakemake.
File path /sto1/ref/bioinfotree/task//msigdb/dataset/v2022.1.Mm//sto1/ref/bioinfotree/task//msigdb/dataset/v2022.1.Mm/m2.cp.v2022.1.Mm.symbols.v2022.1.Mm.symbols.gmt.gz contains double '/'. This is likely unintended. It can also lead to inconsistent results of the file-matching approach used by Snakemake.
File path /sto1/ref/bioinfotree/task//msigdb/dataset/v2022.1.Mm/m2.cp.v2022.1.Mm.symbols.gmt contains double '/'. This is likely unintended. It can also lead to inconsistent results of the file-matching approach used by Snakemake.
File path /sto1/ref/bioinfotree/task//msigdb/dataset/v2022.1.Mm/m2.cp.wikipathways.v2022.1.Mm.symbols.gmt.gz contains double '/'. This is likely unintended. It can also lead to inconsistent results of the file-matching approach used by Snakemake.
File path /sto1/ref/bioinfotree/task//msigdb/dataset/v2022.1.Mm/m2.cp.wikipathways.v2022.1.Mm.symbols.gmt contains double '/'. This is likely unintended. It can also lead to inconsistent results of the file-matching approach used by Snakemake.
File path /sto1/ref/bioinfotree/task//msigdb/dataset/v2022.1.Mm//sto1/ref/bioinfotree/task//msigdb/dataset/v2022.1.Mm/m2.cp.wikipathways.v2022.1.Mm.symbols.v2022.1.Mm.symbols.gmt.gz contains double '/'. This is likely unintended. It can also lead to inconsistent results of the file-matching approach used by Snakemake.
File path /sto1/ref/bioinfotree/task//msigdb/dataset/v2022.1.Mm/m2.cp.wikipathways.v2022.1.Mm.symbols.gmt contains double '/'. This is likely unintended. It can also lead to inconsistent results of the file-matching approach used by Snakemake.
File path /sto1/ref/bioinfotree/task//msigdb/dataset/v2022.1.Mm/m3.all.v2022.1.Mm.symbols.gmt.gz contains double '/'. This is likely unintended. It can also lead to inconsistent results of the file-matching approach used by Snakemake.
File path /sto1/ref/bioinfotree/task//msigdb/dataset/v2022.1.Mm/m3.all.v2022.1.Mm.symbols.gmt contains double '/'. This is likely unintended. It can also lead to inconsistent results of the file-matching approach used by Snakemake.
File path /sto1/ref/bioinfotree/task//msigdb/dataset/v2022.1.Mm//sto1/ref/bioinfotree/task//msigdb/dataset/v2022.1.Mm/m3.all.v2022.1.Mm.symbols.v2022.1.Mm.symbols.gmt.gz contains double '/'. This is likely unintended. It can also lead to inconsistent results of the file-matching approach used by Snakemake.
File path /sto1/ref/bioinfotree/task//msigdb/dataset/v2022.1.Mm/m3.all.v2022.1.Mm.symbols.gmt contains double '/'. This is likely unintended. It can also lead to inconsistent results of the file-matching approach used by Snakemake.
File path /sto1/ref/bioinfotree/task//msigdb/dataset/v2022.1.Mm/m3.gtrd.v2022.1.Mm.symbols.gmt.gz contains double '/'. This is likely unintended. It can also lead to inconsistent results of the file-matching approach used by Snakemake.
File path /sto1/ref/bioinfotree/task//msigdb/dataset/v2022.1.Mm/m3.gtrd.v2022.1.Mm.symbols.gmt contains double '/'. This is likely unintended. It can also lead to inconsistent results of the file-matching approach used by Snakemake.
File path /sto1/ref/bioinfotree/task//msigdb/dataset/v2022.1.Mm//sto1/ref/bioinfotree/task//msigdb/dataset/v2022.1.Mm/m3.gtrd.v2022.1.Mm.symbols.v2022.1.Mm.symbols.gmt.gz contains double '/'. This is likely unintended. It can also lead to inconsistent results of the file-matching approach used by Snakemake.
File path /sto1/ref/bioinfotree/task//msigdb/dataset/v2022.1.Mm/m3.gtrd.v2022.1.Mm.symbols.gmt contains double '/'. This is likely unintended. It can also lead to inconsistent results of the file-matching approach used by Snakemake.
File path /sto1/ref/bioinfotree/task//msigdb/dataset/v2022.1.Mm/m3.mirdb.v2022.1.Mm.symbols.gmt.gz contains double '/'. This is likely unintended. It can also lead to inconsistent results of the file-matching approach used by Snakemake.
File path /sto1/ref/bioinfotree/task//msigdb/dataset/v2022.1.Mm/m3.mirdb.v2022.1.Mm.symbols.gmt contains double '/'. This is likely unintended. It can also lead to inconsistent results of the file-matching approach used by Snakemake.
File path /sto1/ref/bioinfotree/task//msigdb/dataset/v2022.1.Mm//sto1/ref/bioinfotree/task//msigdb/dataset/v2022.1.Mm/m3.mirdb.v2022.1.Mm.symbols.v2022.1.Mm.symbols.gmt.gz contains double '/'. This is likely unintended. It can also lead to inconsistent results of the file-matching approach used by Snakemake.
File path /sto1/ref/bioinfotree/task//msigdb/dataset/v2022.1.Mm/m3.mirdb.v2022.1.Mm.symbols.gmt contains double '/'. This is likely unintended. It can also lead to inconsistent results of the file-matching approach used by Snakemake.
File path /sto1/ref/bioinfotree/task//msigdb/dataset/v2022.1.Mm/m5.all.v2022.1.Mm.symbols.gmt.gz contains double '/'. This is likely unintended. It can also lead to inconsistent results of the file-matching approach used by Snakemake.
File path /sto1/ref/bioinfotree/task//msigdb/dataset/v2022.1.Mm/m5.all.v2022.1.Mm.symbols.gmt contains double '/'. This is likely unintended. It can also lead to inconsistent results of the file-matching approach used by Snakemake.
File path /sto1/ref/bioinfotree/task//msigdb/dataset/v2022.1.Mm//sto1/ref/bioinfotree/task//msigdb/dataset/v2022.1.Mm/m5.all.v2022.1.Mm.symbols.v2022.1.Mm.symbols.gmt.gz contains double '/'. This is likely unintended. It can also lead to inconsistent results of the file-matching approach used by Snakemake.
File path /sto1/ref/bioinfotree/task//msigdb/dataset/v2022.1.Mm/m5.all.v2022.1.Mm.symbols.gmt contains double '/'. This is likely unintended. It can also lead to inconsistent results of the file-matching approach used by Snakemake.
File path /sto1/ref/bioinfotree/task//msigdb/dataset/v2022.1.Mm/m5.go.bp.v2022.1.Mm.symbols.gmt.gz contains double '/'. This is likely unintended. It can also lead to inconsistent results of the file-matching approach used by Snakemake.
File path /sto1/ref/bioinfotree/task//msigdb/dataset/v2022.1.Mm/m5.go.bp.v2022.1.Mm.symbols.gmt contains double '/'. This is likely unintended. It can also lead to inconsistent results of the file-matching approach used by Snakemake.
File path /sto1/ref/bioinfotree/task//msigdb/dataset/v2022.1.Mm//sto1/ref/bioinfotree/task//msigdb/dataset/v2022.1.Mm/m5.go.bp.v2022.1.Mm.symbols.v2022.1.Mm.symbols.gmt.gz contains double '/'. This is likely unintended. It can also lead to inconsistent results of the file-matching approach used by Snakemake.
File path /sto1/ref/bioinfotree/task//msigdb/dataset/v2022.1.Mm/m5.go.bp.v2022.1.Mm.symbols.gmt contains double '/'. This is likely unintended. It can also lead to inconsistent results of the file-matching approach used by Snakemake.
File path /sto1/ref/bioinfotree/task//msigdb/dataset/v2022.1.Mm/m5.go.cc.v2022.1.Mm.symbols.gmt.gz contains double '/'. This is likely unintended. It can also lead to inconsistent results of the file-matching approach used by Snakemake.
File path /sto1/ref/bioinfotree/task//msigdb/dataset/v2022.1.Mm/m5.go.cc.v2022.1.Mm.symbols.gmt contains double '/'. This is likely unintended. It can also lead to inconsistent results of the file-matching approach used by Snakemake.
File path /sto1/ref/bioinfotree/task//msigdb/dataset/v2022.1.Mm//sto1/ref/bioinfotree/task//msigdb/dataset/v2022.1.Mm/m5.go.cc.v2022.1.Mm.symbols.v2022.1.Mm.symbols.gmt.gz contains double '/'. This is likely unintended. It can also lead to inconsistent results of the file-matching approach used by Snakemake.
File path /sto1/ref/bioinfotree/task//msigdb/dataset/v2022.1.Mm/m5.go.cc.v2022.1.Mm.symbols.gmt contains double '/'. This is likely unintended. It can also lead to inconsistent results of the file-matching approach used by Snakemake.
File path /sto1/ref/bioinfotree/task//msigdb/dataset/v2022.1.Mm/m5.go.mf.v2022.1.Mm.symbols.gmt.gz contains double '/'. This is likely unintended. It can also lead to inconsistent results of the file-matching approach used by Snakemake.
File path /sto1/ref/bioinfotree/task//msigdb/dataset/v2022.1.Mm/m5.go.mf.v2022.1.Mm.symbols.gmt contains double '/'. This is likely unintended. It can also lead to inconsistent results of the file-matching approach used by Snakemake.
File path /sto1/ref/bioinfotree/task//msigdb/dataset/v2022.1.Mm//sto1/ref/bioinfotree/task//msigdb/dataset/v2022.1.Mm/m5.go.mf.v2022.1.Mm.symbols.v2022.1.Mm.symbols.gmt.gz contains double '/'. This is likely unintended. It can also lead to inconsistent results of the file-matching approach used by Snakemake.
File path /sto1/ref/bioinfotree/task//msigdb/dataset/v2022.1.Mm/m5.go.mf.v2022.1.Mm.symbols.gmt contains double '/'. This is likely unintended. It can also lead to inconsistent results of the file-matching approach used by Snakemake.
File path /sto1/ref/bioinfotree/task//msigdb/dataset/v2022.1.Mm/m5.go.v2022.1.Mm.symbols.gmt.gz contains double '/'. This is likely unintended. It can also lead to inconsistent results of the file-matching approach used by Snakemake.
File path /sto1/ref/bioinfotree/task//msigdb/dataset/v2022.1.Mm/m5.go.v2022.1.Mm.symbols.gmt contains double '/'. This is likely unintended. It can also lead to inconsistent results of the file-matching approach used by Snakemake.
File path /sto1/ref/bioinfotree/task//msigdb/dataset/v2022.1.Mm//sto1/ref/bioinfotree/task//msigdb/dataset/v2022.1.Mm/m5.go.v2022.1.Mm.symbols.v2022.1.Mm.symbols.gmt.gz contains double '/'. This is likely unintended. It can also lead to inconsistent results of the file-matching approach used by Snakemake.
File path /sto1/ref/bioinfotree/task//msigdb/dataset/v2022.1.Mm/m5.go.v2022.1.Mm.symbols.gmt contains double '/'. This is likely unintended. It can also lead to inconsistent results of the file-matching approach used by Snakemake.
File path /sto1/ref/bioinfotree/task//msigdb/dataset/v2022.1.Mm/m5.mpt.v2022.1.Mm.symbols.gmt.gz contains double '/'. This is likely unintended. It can also lead to inconsistent results of the file-matching approach used by Snakemake.
File path /sto1/ref/bioinfotree/task//msigdb/dataset/v2022.1.Mm/m5.mpt.v2022.1.Mm.symbols.gmt contains double '/'. This is likely unintended. It can also lead to inconsistent results of the file-matching approach used by Snakemake.
File path /sto1/ref/bioinfotree/task//msigdb/dataset/v2022.1.Mm//sto1/ref/bioinfotree/task//msigdb/dataset/v2022.1.Mm/m5.mpt.v2022.1.Mm.symbols.v2022.1.Mm.symbols.gmt.gz contains double '/'. This is likely unintended. It can also lead to inconsistent results of the file-matching approach used by Snakemake.
File path /sto1/ref/bioinfotree/task//msigdb/dataset/v2022.1.Mm/m5.mpt.v2022.1.Mm.symbols.gmt contains double '/'. This is likely unintended. It can also lead to inconsistent results of the file-matching approach used by Snakemake.
File path /sto1/ref/bioinfotree/task//msigdb/dataset/v2022.1.Mm/m8.all.v2022.1.Mm.symbols.gmt.gz contains double '/'. This is likely unintended. It can also lead to inconsistent results of the file-matching approach used by Snakemake.
File path /sto1/ref/bioinfotree/task//msigdb/dataset/v2022.1.Mm/m8.all.v2022.1.Mm.symbols.gmt contains double '/'. This is likely unintended. It can also lead to inconsistent results of the file-matching approach used by Snakemake.
File path /sto1/ref/bioinfotree/task//msigdb/dataset/v2022.1.Mm//sto1/ref/bioinfotree/task//msigdb/dataset/v2022.1.Mm/m8.all.v2022.1.Mm.symbols.v2022.1.Mm.symbols.gmt.gz contains double '/'. This is likely unintended. It can also lead to inconsistent results of the file-matching approach used by Snakemake.
File path /sto1/ref/bioinfotree/task//msigdb/dataset/v2022.1.Mm/m8.all.v2022.1.Mm.symbols.gmt contains double '/'. This is likely unintended. It can also lead to inconsistent results of the file-matching approach used by Snakemake.
File path /sto1/ref/bioinfotree/task//msigdb/dataset/v2022.1.Mm/mh.all.v2022.1.Mm.symbols.gmt.gz contains double '/'. This is likely unintended. It can also lead to inconsistent results of the file-matching approach used by Snakemake.
File path /sto1/ref/bioinfotree/task//msigdb/dataset/v2022.1.Mm/mh.all.v2022.1.Mm.symbols.gmt contains double '/'. This is likely unintended. It can also lead to inconsistent results of the file-matching approach used by Snakemake.
File path /sto1/ref/bioinfotree/task//msigdb/dataset/v2022.1.Mm//sto1/ref/bioinfotree/task//msigdb/dataset/v2022.1.Mm/mh.all.v2022.1.Mm.symbols.v2022.1.Mm.symbols.gmt.gz contains double '/'. This is likely unintended. It can also lead to inconsistent results of the file-matching approach used by Snakemake.
File path /sto1/ref/bioinfotree/task//msigdb/dataset/v2022.1.Mm/mh.all.v2022.1.Mm.symbols.gmt contains double '/'. This is likely unintended. It can also lead to inconsistent results of the file-matching approach used by Snakemake.
Using shell: /usr/bin/bash
Provided cores: 10
Rules claiming more threads will be scaled down.
Job stats:
job                      count    min threads    max threads
---------------------  -------  -------------  -------------
all                          1              1              1
create_gmt                  18              1              1
fGSEA_Rmd_template           1              1              1
header_added_gz              1              1              1
logFC_pval_rnk               1              1              1
mdsum_file                   1              1              1
multi_fGSEA                  1              1              1
multi_fGSEA_link             1              1              1
multi_fGSEA_link_html        1              1              1
run_fgsea                   18              1              1
tab_to_xlsx                  1              1              1
total                       45              1              1

Select jobs to execute...

[Wed Oct 26 18:44:44 2022]
rule create_gmt:
    input: /sto1/ref/bioinfotree/task//msigdb/dataset/v2022.1.Mm/m5.all.v2022.1.Mm.symbols.gmt
    output: m5.all.gmt
    jobid: 26
    wildcards: gene_set=m5.all
    resources: tmpdir=/sto1/tmp


[Wed Oct 26 18:44:44 2022]
rule create_gmt:
    input: /sto1/ref/bioinfotree/task//msigdb/dataset/v2022.1.Mm/m5.go.bp.v2022.1.Mm.symbols.gmt
    output: m5.go.bp.gmt
    jobid: 28
    wildcards: gene_set=m5.go.bp
    resources: tmpdir=/sto1/tmp


[Wed Oct 26 18:44:44 2022]
rule create_gmt:
    input: /sto1/ref/bioinfotree/task//msigdb/dataset/v2022.1.Mm/m3.all.v2022.1.Mm.symbols.gmt
    output: m3.all.gmt
    jobid: 20
    wildcards: gene_set=m3.all
    resources: tmpdir=/sto1/tmp


[Wed Oct 26 18:44:44 2022]
rule create_gmt:
    input: /sto1/ref/bioinfotree/task//msigdb/dataset/v2022.1.Mm/m5.go.mf.v2022.1.Mm.symbols.gmt
    output: m5.go.mf.gmt
    jobid: 32
    wildcards: gene_set=m5.go.mf
    resources: tmpdir=/sto1/tmp


[Wed Oct 26 18:44:44 2022]
rule create_gmt:
    input: /sto1/ref/bioinfotree/task//msigdb/dataset/v2022.1.Mm/m5.go.v2022.1.Mm.symbols.gmt
    output: m5.go.gmt
    jobid: 34
    wildcards: gene_set=m5.go
    resources: tmpdir=/sto1/tmp


[Wed Oct 26 18:44:44 2022]
rule create_gmt:
    input: /sto1/ref/bioinfotree/task//msigdb/dataset/v2022.1.Mm/m2.cgp.v2022.1.Mm.symbols.gmt
    output: m2.cgp.gmt
    jobid: 10
    wildcards: gene_set=m2.cgp
    resources: tmpdir=/sto1/tmp


[Wed Oct 26 18:44:44 2022]
rule create_gmt:
    input: /sto1/ref/bioinfotree/task//msigdb/dataset/v2022.1.Mm/m3.gtrd.v2022.1.Mm.symbols.gmt
    output: m3.gtrd.gmt
    jobid: 22
    wildcards: gene_set=m3.gtrd
    resources: tmpdir=/sto1/tmp


[Wed Oct 26 18:44:44 2022]
rule create_gmt:
    input: /sto1/ref/bioinfotree/task//msigdb/dataset/v2022.1.Mm/m2.all.v2022.1.Mm.symbols.gmt
    output: m2.all.gmt
    jobid: 8
    wildcards: gene_set=m2.all
    resources: tmpdir=/sto1/tmp


[Wed Oct 26 18:44:44 2022]
rule create_gmt:
    input: /sto1/ref/bioinfotree/task//msigdb/dataset/v2022.1.Mm/m2.cp.v2022.1.Mm.symbols.gmt
    output: m2.cp.gmt
    jobid: 16
    wildcards: gene_set=m2.cp
    resources: tmpdir=/sto1/tmp


[Wed Oct 26 18:44:44 2022]
rule create_gmt:
    input: /sto1/ref/bioinfotree/task//msigdb/dataset/v2022.1.Mm/m3.mirdb.v2022.1.Mm.symbols.gmt
    output: m3.mirdb.gmt
    jobid: 24
    wildcards: gene_set=m3.mirdb
    resources: tmpdir=/sto1/tmp

[Wed Oct 26 18:44:44 2022]
Finished job 26.
1 of 45 steps (2%) done
[Wed Oct 26 18:44:44 2022]
Finished job 28.
2 of 45 steps (4%) done
[Wed Oct 26 18:44:44 2022]
Finished job 20.
3 of 45 steps (7%) done
[Wed Oct 26 18:44:44 2022]
Finished job 32.
4 of 45 steps (9%) done
[Wed Oct 26 18:44:44 2022]
Finished job 34.
5 of 45 steps (11%) done
[Wed Oct 26 18:44:44 2022]
Finished job 10.
6 of 45 steps (13%) done
[Wed Oct 26 18:44:44 2022]
Finished job 22.
7 of 45 steps (16%) done
[Wed Oct 26 18:44:44 2022]
Finished job 8.
8 of 45 steps (18%) done
Select jobs to execute...

[Wed Oct 26 18:44:44 2022]
rule create_gmt:
    input: /sto1/ref/bioinfotree/task//msigdb/dataset/v2022.1.Mm/m2.cp.wikipathways.v2022.1.Mm.symbols.gmt
    output: m2.cp.wikipathways.gmt
    jobid: 18
    wildcards: gene_set=m2.cp.wikipathways
    resources: tmpdir=/sto1/tmp


[Wed Oct 26 18:44:44 2022]
rule create_gmt:
    input: /sto1/ref/bioinfotree/task//msigdb/dataset/v2022.1.Mm/m2.cp.biocarta.v2022.1.Mm.symbols.gmt
    output: m2.cp.biocarta.gmt
    jobid: 12
    wildcards: gene_set=m2.cp.biocarta
    resources: tmpdir=/sto1/tmp


[Wed Oct 26 18:44:44 2022]
rule create_gmt:
    input: /sto1/ref/bioinfotree/task//msigdb/dataset/v2022.1.Mm/m1.all.v2022.1.Mm.symbols.gmt
    output: m1.all.gmt
    jobid: 5
    wildcards: gene_set=m1.all
    resources: tmpdir=/sto1/tmp


[Wed Oct 26 18:44:44 2022]
rule logFC_pval_rnk:
    input: ../../../edger.toptable_clean.contrast_condition.gz
    output: edger.condition.logFC_pval.rnk
    jobid: 6
    wildcards: dgetool=edger, contrast=condition
    resources: tmpdir=/sto1/tmp


[Wed Oct 26 18:44:44 2022]
rule create_gmt:
    input: /sto1/ref/bioinfotree/task//msigdb/dataset/v2022.1.Mm/m5.go.cc.v2022.1.Mm.symbols.gmt
    output: m5.go.cc.gmt
    jobid: 30
    wildcards: gene_set=m5.go.cc
    resources: tmpdir=/sto1/tmp


[Wed Oct 26 18:44:44 2022]
rule create_gmt:
    input: /sto1/ref/bioinfotree/task//msigdb/dataset/v2022.1.Mm/m2.cp.reactome.v2022.1.Mm.symbols.gmt
    output: m2.cp.reactome.gmt
    jobid: 14
    wildcards: gene_set=m2.cp.reactome
    resources: tmpdir=/sto1/tmp


[Wed Oct 26 18:44:44 2022]
rule create_gmt:
    input: /sto1/ref/bioinfotree/task//msigdb/dataset/v2022.1.Mm/m8.all.v2022.1.Mm.symbols.gmt
    output: m8.all.gmt
    jobid: 38
    wildcards: gene_set=m8.all
    resources: tmpdir=/sto1/tmp


[Wed Oct 26 18:44:44 2022]
rule create_gmt:
    input: /sto1/ref/bioinfotree/task//msigdb/dataset/v2022.1.Mm/mh.all.v2022.1.Mm.symbols.gmt
    output: mh.all.gmt
    jobid: 40
    wildcards: gene_set=mh.all
    resources: tmpdir=/sto1/tmp

[Wed Oct 26 18:44:44 2022]
Finished job 16.
9 of 45 steps (20%) done
[Wed Oct 26 18:44:44 2022]
Finished job 24.
10 of 45 steps (22%) done
[Wed Oct 26 18:44:44 2022]
Finished job 18.
11 of 45 steps (24%) done
[Wed Oct 26 18:44:44 2022]
Finished job 12.
12 of 45 steps (27%) done
[Wed Oct 26 18:44:44 2022]
Finished job 5.
13 of 45 steps (29%) done
[Wed Oct 26 18:44:44 2022]
Finished job 30.
14 of 45 steps (31%) done
[Wed Oct 26 18:44:44 2022]
Finished job 14.
15 of 45 steps (33%) done
Select jobs to execute...

[Wed Oct 26 18:44:44 2022]
rule fGSEA_Rmd_template:
    input: ../../local/src/fGSEA_Rmd_template.Rmd
    output: fGSEA_Rmd_template.Rmd
    jobid: 44
    resources: tmpdir=/sto1/tmp


[Wed Oct 26 18:44:44 2022]
rule create_gmt:
    input: /sto1/ref/bioinfotree/task//msigdb/dataset/v2022.1.Mm/m5.mpt.v2022.1.Mm.symbols.gmt
    output: m5.mpt.gmt
    jobid: 36
    wildcards: gene_set=m5.mpt
    resources: tmpdir=/sto1/tmp

[Wed Oct 26 18:44:44 2022]
Finished job 38.
16 of 45 steps (36%) done
[Wed Oct 26 18:44:44 2022]
Finished job 40.
17 of 45 steps (38%) done
[Wed Oct 26 18:44:44 2022]
Finished job 44.
18 of 45 steps (40%) done
[Wed Oct 26 18:44:44 2022]
Finished job 36.
19 of 45 steps (42%) done
[Wed Oct 26 18:44:44 2022]
Finished job 6.
20 of 45 steps (44%) done
Select jobs to execute...

[Wed Oct 26 18:44:44 2022]
rule run_fgsea:
    input: m5.go.bp.gmt, edger.condition.logFC_pval.rnk
    output: fGSEA_Results/edger.condition.logFC_pval.rnk.m5.go.bp.gmt.fGSEA.tab
    jobid: 27
    wildcards: rnk_file=edger.condition.logFC_pval, gmt_file=m5.go.bp
    resources: tmpdir=/sto1/tmp


[Wed Oct 26 18:44:44 2022]
rule run_fgsea:
    input: m5.go.mf.gmt, edger.condition.logFC_pval.rnk
    output: fGSEA_Results/edger.condition.logFC_pval.rnk.m5.go.mf.gmt.fGSEA.tab
    jobid: 31
    wildcards: rnk_file=edger.condition.logFC_pval, gmt_file=m5.go.mf
    resources: tmpdir=/sto1/tmp


[Wed Oct 26 18:44:44 2022]
rule run_fgsea:
    input: m5.go.gmt, edger.condition.logFC_pval.rnk
    output: fGSEA_Results/edger.condition.logFC_pval.rnk.m5.go.gmt.fGSEA.tab
    jobid: 33
    wildcards: rnk_file=edger.condition.logFC_pval, gmt_file=m5.go
    resources: tmpdir=/sto1/tmp


[Wed Oct 26 18:44:44 2022]
rule run_fgsea:
    input: m3.all.gmt, edger.condition.logFC_pval.rnk
    output: fGSEA_Results/edger.condition.logFC_pval.rnk.m3.all.gmt.fGSEA.tab
    jobid: 19
    wildcards: rnk_file=edger.condition.logFC_pval, gmt_file=m3.all
    resources: tmpdir=/sto1/tmp


[Wed Oct 26 18:44:44 2022]
rule run_fgsea:
    input: m3.gtrd.gmt, edger.condition.logFC_pval.rnk
    output: fGSEA_Results/edger.condition.logFC_pval.rnk.m3.gtrd.gmt.fGSEA.tab
    jobid: 21
    wildcards: rnk_file=edger.condition.logFC_pval, gmt_file=m3.gtrd
    resources: tmpdir=/sto1/tmp


[Wed Oct 26 18:44:44 2022]
rule run_fgsea:
    input: m2.all.gmt, edger.condition.logFC_pval.rnk
    output: fGSEA_Results/edger.condition.logFC_pval.rnk.m2.all.gmt.fGSEA.tab
    jobid: 7
    wildcards: rnk_file=edger.condition.logFC_pval, gmt_file=m2.all
    resources: tmpdir=/sto1/tmp


[Wed Oct 26 18:44:44 2022]
rule run_fgsea:
    input: m3.mirdb.gmt, edger.condition.logFC_pval.rnk
    output: fGSEA_Results/edger.condition.logFC_pval.rnk.m3.mirdb.gmt.fGSEA.tab
    jobid: 23
    wildcards: rnk_file=edger.condition.logFC_pval, gmt_file=m3.mirdb
    resources: tmpdir=/sto1/tmp


[Wed Oct 26 18:44:44 2022]
rule run_fgsea:
    input: m2.cgp.gmt, edger.condition.logFC_pval.rnk
    output: fGSEA_Results/edger.condition.logFC_pval.rnk.m2.cgp.gmt.fGSEA.tab
    jobid: 9
    wildcards: rnk_file=edger.condition.logFC_pval, gmt_file=m2.cgp
    resources: tmpdir=/sto1/tmp


[Wed Oct 26 18:44:44 2022]
rule run_fgsea:
    input: m5.all.gmt, edger.condition.logFC_pval.rnk
    output: fGSEA_Results/edger.condition.logFC_pval.rnk.m5.all.gmt.fGSEA.tab
    jobid: 25
    wildcards: rnk_file=edger.condition.logFC_pval, gmt_file=m5.all
    resources: tmpdir=/sto1/tmp


[Wed Oct 26 18:44:44 2022]
rule run_fgsea:
    input: m2.cp.gmt, edger.condition.logFC_pval.rnk
    output: fGSEA_Results/edger.condition.logFC_pval.rnk.m2.cp.gmt.fGSEA.tab
    jobid: 15
    wildcards: rnk_file=edger.condition.logFC_pval, gmt_file=m2.cp
    resources: tmpdir=/sto1/tmp

[Wed Oct 26 18:44:58 2022]
Finished job 15.
21 of 45 steps (47%) done
Select jobs to execute...

[Wed Oct 26 18:44:58 2022]
rule run_fgsea:
    input: m5.go.cc.gmt, edger.condition.logFC_pval.rnk
    output: fGSEA_Results/edger.condition.logFC_pval.rnk.m5.go.cc.gmt.fGSEA.tab
    jobid: 29
    wildcards: rnk_file=edger.condition.logFC_pval, gmt_file=m5.go.cc
    resources: tmpdir=/sto1/tmp

[Wed Oct 26 18:44:58 2022]
Finished job 21.
22 of 45 steps (49%) done
Select jobs to execute...

[Wed Oct 26 18:44:58 2022]
rule run_fgsea:
    input: m2.cp.reactome.gmt, edger.condition.logFC_pval.rnk
    output: fGSEA_Results/edger.condition.logFC_pval.rnk.m2.cp.reactome.gmt.fGSEA.tab
    jobid: 13
    wildcards: rnk_file=edger.condition.logFC_pval, gmt_file=m2.cp.reactome
    resources: tmpdir=/sto1/tmp

[Wed Oct 26 18:44:58 2022]
Finished job 23.
23 of 45 steps (51%) done
Select jobs to execute...

[Wed Oct 26 18:44:58 2022]
rule run_fgsea:
    input: m1.all.gmt, edger.condition.logFC_pval.rnk
    output: fGSEA_Results/edger.condition.logFC_pval.rnk.m1.all.gmt.fGSEA.tab
    jobid: 4
    wildcards: rnk_file=edger.condition.logFC_pval, gmt_file=m1.all
    resources: tmpdir=/sto1/tmp

[Wed Oct 26 18:44:58 2022]
Finished job 9.
24 of 45 steps (53%) done
Select jobs to execute...

[Wed Oct 26 18:44:58 2022]
rule run_fgsea:
    input: m8.all.gmt, edger.condition.logFC_pval.rnk
    output: fGSEA_Results/edger.condition.logFC_pval.rnk.m8.all.gmt.fGSEA.tab
    jobid: 37
    wildcards: rnk_file=edger.condition.logFC_pval, gmt_file=m8.all
    resources: tmpdir=/sto1/tmp

[Wed Oct 26 18:44:59 2022]
Finished job 19.
25 of 45 steps (56%) done
Select jobs to execute...

[Wed Oct 26 18:44:59 2022]
rule run_fgsea:
    input: m2.cp.wikipathways.gmt, edger.condition.logFC_pval.rnk
    output: fGSEA_Results/edger.condition.logFC_pval.rnk.m2.cp.wikipathways.gmt.fGSEA.tab
    jobid: 17
    wildcards: rnk_file=edger.condition.logFC_pval, gmt_file=m2.cp.wikipathways
    resources: tmpdir=/sto1/tmp

[Wed Oct 26 18:45:00 2022]
Finished job 31.
26 of 45 steps (58%) done
Select jobs to execute...

[Wed Oct 26 18:45:00 2022]
rule run_fgsea:
    input: m2.cp.biocarta.gmt, edger.condition.logFC_pval.rnk
    output: fGSEA_Results/edger.condition.logFC_pval.rnk.m2.cp.biocarta.gmt.fGSEA.tab
    jobid: 11
    wildcards: rnk_file=edger.condition.logFC_pval, gmt_file=m2.cp.biocarta
    resources: tmpdir=/sto1/tmp

[Wed Oct 26 18:45:00 2022]
Finished job 25.
27 of 45 steps (60%) done
Select jobs to execute...

[Wed Oct 26 18:45:00 2022]
rule run_fgsea:
    input: mh.all.gmt, edger.condition.logFC_pval.rnk
    output: fGSEA_Results/edger.condition.logFC_pval.rnk.mh.all.gmt.fGSEA.tab
    jobid: 39
    wildcards: rnk_file=edger.condition.logFC_pval, gmt_file=mh.all
    resources: tmpdir=/sto1/tmp

[Wed Oct 26 18:45:00 2022]
Finished job 27.
28 of 45 steps (62%) done
Select jobs to execute...

[Wed Oct 26 18:45:00 2022]
rule run_fgsea:
    input: m5.mpt.gmt, edger.condition.logFC_pval.rnk
    output: fGSEA_Results/edger.condition.logFC_pval.rnk.m5.mpt.gmt.fGSEA.tab
    jobid: 35
    wildcards: rnk_file=edger.condition.logFC_pval, gmt_file=m5.mpt
    resources: tmpdir=/sto1/tmp

[Wed Oct 26 18:45:01 2022]
Finished job 7.
29 of 45 steps (64%) done
Select jobs to execute...

[Wed Oct 26 18:45:01 2022]
rule mdsum_file:
    input: edger.condition.logFC_pval.rnk
    output: rnk_md5sum.txt
    jobid: 41
    resources: tmpdir=/sto1/tmp

[Wed Oct 26 18:45:01 2022]
Finished job 41.
30 of 45 steps (67%) done
[Wed Oct 26 18:45:01 2022]
Finished job 33.
31 of 45 steps (69%) done
[Wed Oct 26 18:45:07 2022]
Finished job 4.
32 of 45 steps (71%) done
[Wed Oct 26 18:45:09 2022]
Finished job 17.
33 of 45 steps (73%) done
[Wed Oct 26 18:45:09 2022]
Finished job 39.
34 of 45 steps (76%) done
[Wed Oct 26 18:45:09 2022]
Finished job 11.
35 of 45 steps (78%) done
[Wed Oct 26 18:45:09 2022]
Finished job 37.
36 of 45 steps (80%) done
[Wed Oct 26 18:45:10 2022]
Finished job 35.
37 of 45 steps (82%) done
[Wed Oct 26 18:45:10 2022]
Finished job 13.
38 of 45 steps (84%) done
[Wed Oct 26 18:45:12 2022]
Finished job 29.
39 of 45 steps (87%) done
Select jobs to execute...

[Wed Oct 26 18:45:12 2022]
rule multi_fGSEA:
    input: fGSEA_Results/edger.condition.logFC_pval.rnk.m1.all.gmt.fGSEA.tab, fGSEA_Results/edger.condition.logFC_pval.rnk.m2.all.gmt.fGSEA.tab, fGSEA_Results/edger.condition.logFC_pval.rnk.m2.cgp.gmt.fGSEA.tab, fGSEA_Results/edger.condition.logFC_pval.rnk.m2.cp.biocarta.gmt.fGSEA.tab, fGSEA_Results/edger.condition.logFC_pval.rnk.m2.cp.reactome.gmt.fGSEA.tab, fGSEA_Results/edger.condition.logFC_pval.rnk.m2.cp.gmt.fGSEA.tab, fGSEA_Results/edger.condition.logFC_pval.rnk.m2.cp.wikipathways.gmt.fGSEA.tab, fGSEA_Results/edger.condition.logFC_pval.rnk.m3.all.gmt.fGSEA.tab, fGSEA_Results/edger.condition.logFC_pval.rnk.m3.gtrd.gmt.fGSEA.tab, fGSEA_Results/edger.condition.logFC_pval.rnk.m3.mirdb.gmt.fGSEA.tab, fGSEA_Results/edger.condition.logFC_pval.rnk.m5.all.gmt.fGSEA.tab, fGSEA_Results/edger.condition.logFC_pval.rnk.m5.go.bp.gmt.fGSEA.tab, fGSEA_Results/edger.condition.logFC_pval.rnk.m5.go.cc.gmt.fGSEA.tab, fGSEA_Results/edger.condition.logFC_pval.rnk.m5.go.mf.gmt.fGSEA.tab, fGSEA_Results/edger.condition.logFC_pval.rnk.m5.go.gmt.fGSEA.tab, fGSEA_Results/edger.condition.logFC_pval.rnk.m5.mpt.gmt.fGSEA.tab, fGSEA_Results/edger.condition.logFC_pval.rnk.m8.all.gmt.fGSEA.tab, fGSEA_Results/edger.condition.logFC_pval.rnk.mh.all.gmt.fGSEA.tab
    output: multi_GSEA.gz
    jobid: 3
    resources: tmpdir=/sto1/tmp

[Wed Oct 26 18:45:13 2022]
Finished job 3.
40 of 45 steps (89%) done
Select jobs to execute...

[Wed Oct 26 18:45:13 2022]
rule multi_fGSEA_link:
    input: multi_GSEA.gz, rnk_md5sum.txt
    output: multi_GSEA.link.gz
    jobid: 2
    resources: tmpdir=/sto1/tmp

[Wed Oct 26 18:45:13 2022]
Finished job 2.
41 of 45 steps (91%) done
Select jobs to execute...

[Wed Oct 26 18:45:13 2022]
rule header_added_gz:
    input: multi_GSEA.link.gz
    output: multi_GSEA.link.header_added.gz
    jobid: 1
    wildcards: file=multi_GSEA.link
    resources: tmpdir=/sto1/tmp

[Wed Oct 26 18:45:13 2022]
Finished job 1.
42 of 45 steps (93%) done
Select jobs to execute...

[Wed Oct 26 18:45:13 2022]
rule multi_fGSEA_link_html:
    input: multi_GSEA.link.header_added.gz, fGSEA_Rmd_template.Rmd
    output: multi_GSEA.html
    jobid: 43
    resources: tmpdir=/sto1/tmp


[Wed Oct 26 18:45:13 2022]
rule tab_to_xlsx:
    input: multi_GSEA.link.header_added.gz
    output: multi_GSEA.link.header_added.xlsx
    jobid: 42
    wildcards: file=multi_GSEA.link.header_added
    resources: tmpdir=/sto1/tmp

[Wed Oct 26 18:45:28 2022]
Error in rule tab_to_xlsx:
    jobid: 42
    output: multi_GSEA.link.header_added.xlsx
    shell:
        
		zcat multi_GSEA.link.header_added.gz | tab2xlsx > multi_GSEA.link.header_added.xlsx
	
        (one of the commands exited with non-zero exit code; note that snakemake uses bash strict mode!)

Removing output files of failed job tab_to_xlsx since they might be corrupted:
multi_GSEA.link.header_added.xlsx
[Wed Oct 26 18:46:17 2022]
Finished job 43.
43 of 45 steps (96%) done
Shutting down, this might take some time.
Exiting because a job execution failed. Look above for error message
Complete log: /sto1/epigen/Follenzi_BMEC/dataset/v1_sample_removed/DGE/SnakeGSEA/dataset/logFC_Pval/.snakemake/log/2022-10-26T184442.483986.snakemake.log
