Building DAG of jobs...
File path /sto1/ref/bioinfotree/task//msigdb/dataset/v2022.1.Mm/m1.all.v2022.1.Mm.symbols.gmt contains double '/'. This is likely unintended. It can also lead to inconsistent results of the file-matching approach used by Snakemake.
File path /sto1/ref/bioinfotree/task//msigdb/dataset/v2022.1.Mm/m2.all.v2022.1.Mm.symbols.gmt contains double '/'. This is likely unintended. It can also lead to inconsistent results of the file-matching approach used by Snakemake.
File path /sto1/ref/bioinfotree/task//msigdb/dataset/v2022.1.Mm/m2.cgp.v2022.1.Mm.symbols.gmt contains double '/'. This is likely unintended. It can also lead to inconsistent results of the file-matching approach used by Snakemake.
File path /sto1/ref/bioinfotree/task//msigdb/dataset/v2022.1.Mm/m2.cp.biocarta.v2022.1.Mm.symbols.gmt contains double '/'. This is likely unintended. It can also lead to inconsistent results of the file-matching approach used by Snakemake.
File path /sto1/ref/bioinfotree/task//msigdb/dataset/v2022.1.Mm/m2.cp.reactome.v2022.1.Mm.symbols.gmt contains double '/'. This is likely unintended. It can also lead to inconsistent results of the file-matching approach used by Snakemake.
File path /sto1/ref/bioinfotree/task//msigdb/dataset/v2022.1.Mm/m2.cp.v2022.1.Mm.symbols.gmt contains double '/'. This is likely unintended. It can also lead to inconsistent results of the file-matching approach used by Snakemake.
File path /sto1/ref/bioinfotree/task//msigdb/dataset/v2022.1.Mm/m2.cp.wikipathways.v2022.1.Mm.symbols.gmt contains double '/'. This is likely unintended. It can also lead to inconsistent results of the file-matching approach used by Snakemake.
File path /sto1/ref/bioinfotree/task//msigdb/dataset/v2022.1.Mm/m3.all.v2022.1.Mm.symbols.gmt contains double '/'. This is likely unintended. It can also lead to inconsistent results of the file-matching approach used by Snakemake.
File path /sto1/ref/bioinfotree/task//msigdb/dataset/v2022.1.Mm/m3.gtrd.v2022.1.Mm.symbols.gmt contains double '/'. This is likely unintended. It can also lead to inconsistent results of the file-matching approach used by Snakemake.
File path /sto1/ref/bioinfotree/task//msigdb/dataset/v2022.1.Mm/m3.mirdb.v2022.1.Mm.symbols.gmt contains double '/'. This is likely unintended. It can also lead to inconsistent results of the file-matching approach used by Snakemake.
File path /sto1/ref/bioinfotree/task//msigdb/dataset/v2022.1.Mm/m5.all.v2022.1.Mm.symbols.gmt contains double '/'. This is likely unintended. It can also lead to inconsistent results of the file-matching approach used by Snakemake.
File path /sto1/ref/bioinfotree/task//msigdb/dataset/v2022.1.Mm/m5.go.bp.v2022.1.Mm.symbols.gmt contains double '/'. This is likely unintended. It can also lead to inconsistent results of the file-matching approach used by Snakemake.
File path /sto1/ref/bioinfotree/task//msigdb/dataset/v2022.1.Mm/m5.go.cc.v2022.1.Mm.symbols.gmt contains double '/'. This is likely unintended. It can also lead to inconsistent results of the file-matching approach used by Snakemake.
File path /sto1/ref/bioinfotree/task//msigdb/dataset/v2022.1.Mm/m5.go.mf.v2022.1.Mm.symbols.gmt contains double '/'. This is likely unintended. It can also lead to inconsistent results of the file-matching approach used by Snakemake.
File path /sto1/ref/bioinfotree/task//msigdb/dataset/v2022.1.Mm/m5.go.v2022.1.Mm.symbols.gmt contains double '/'. This is likely unintended. It can also lead to inconsistent results of the file-matching approach used by Snakemake.
File path /sto1/ref/bioinfotree/task//msigdb/dataset/v2022.1.Mm/m5.mpt.v2022.1.Mm.symbols.gmt contains double '/'. This is likely unintended. It can also lead to inconsistent results of the file-matching approach used by Snakemake.
File path /sto1/ref/bioinfotree/task//msigdb/dataset/v2022.1.Mm/m8.all.v2022.1.Mm.symbols.gmt contains double '/'. This is likely unintended. It can also lead to inconsistent results of the file-matching approach used by Snakemake.
File path /sto1/ref/bioinfotree/task//msigdb/dataset/v2022.1.Mm/mh.all.v2022.1.Mm.symbols.gmt contains double '/'. This is likely unintended. It can also lead to inconsistent results of the file-matching approach used by Snakemake.
Using shell: /usr/bin/bash
Provided cores: 10
Rules claiming more threads will be scaled down.
Job stats:
job                      count    min threads    max threads
---------------------  -------  -------------  -------------
all                          1              1              1
header_added_gz              1              1              1
multi_fGSEA_link_html        1              1              1
publish                      1              1              1
tab_to_xlsx                  1              1              1
total                        5              1              1

Select jobs to execute...

[Wed Oct 26 18:36:37 2022]
rule header_added_gz:
    input: multi_GSEA.link.gz
    output: multi_GSEA.link.header_added.gz
    jobid: 1
    wildcards: file=multi_GSEA.link
    resources: tmpdir=/sto1/tmp


		(bawk -M multi_GSEA.link.gz | cut -f 2 | transpose; zcat multi_GSEA.link.gz ) | gzip > multi_GSEA.link.header_added.gz
	
[Wed Oct 26 18:36:37 2022]
Finished job 1.
1 of 5 steps (20%) done
Select jobs to execute...

[Wed Oct 26 18:36:37 2022]
rule tab_to_xlsx:
    input: multi_GSEA.link.header_added.gz
    output: multi_GSEA.link.header_added.xlsx
    jobid: 42
    wildcards: file=multi_GSEA.link.header_added
    resources: tmpdir=/sto1/tmp


		zcat multi_GSEA.link.header_added.gz | tab2xlsx > multi_GSEA.link.header_added.xlsx
	

[Wed Oct 26 18:36:37 2022]
rule multi_fGSEA_link_html:
    input: multi_GSEA.link.header_added.gz, fGSEA_Rmd_template.Rmd
    output: multi_GSEA.html
    jobid: 43
    resources: tmpdir=/sto1/tmp


		set +u; source /sto1/ref/miniconda2/etc/profile.d/conda.sh ; conda activate ; conda activate rstudio_Rv4.0.3; export LD_LIBRARY_PATH=/sto1/ref/miniconda2/envs/rstudio_Rv4.0.3/jre/lib/amd64/server; 		Rscript -e 'library(rmarkdown); rmarkdown::render("fGSEA_Rmd_template.Rmd", output_file="multi_GSEA.html", quiet=TRUE)'
	
[Wed Oct 26 18:36:38 2022]
Finished job 42.
2 of 5 steps (40%) done
[Wed Oct 26 18:37:04 2022]
Finished job 43.
3 of 5 steps (60%) done
Select jobs to execute...

[Wed Oct 26 18:37:04 2022]
rule publish:
    input: multi_GSEA.link.header_added.xlsx, multi_GSEA.html, rnk_md5sum.txt
    output: gsea_publish_done
    jobid: 45
    resources: tmpdir=/sto1/tmp


		GSEA_PUBLISH_DIR=$(pwd | sed 's/\/sto1/\/var\/www\/html/'); 		ssh cciccone@olilab01.ateneo.unito.it mkdir -p $GSEA_PUBLISH_DIR; 		rsync -avP multi_GSEA.link.header_added.xlsx multi_GSEA.html *.rnk ash_rnk-* cciccone@olilab01.ateneo.unito.it:$GSEA_PUBLISH_DIR; 		ssh cciccone@olilab01.ateneo.unito.it ln -s $GSEA_PUBLISH_DIR/ash_rnk-* /var/www/html/epigen/shinySea/hash; 		echo 'publish done' > gsea_publish_done
	
Terminating processes on user request, this might take some time.
[Wed Oct 26 18:37:20 2022]
Error in rule publish:
    jobid: 45
    output: gsea_publish_done
    shell:
        
		GSEA_PUBLISH_DIR=$(pwd | sed 's/\/sto1/\/var\/www\/html/'); 		ssh cciccone@olilab01.ateneo.unito.it mkdir -p $GSEA_PUBLISH_DIR; 		rsync -avP multi_GSEA.link.header_added.xlsx multi_GSEA.html *.rnk ash_rnk-* cciccone@olilab01.ateneo.unito.it:$GSEA_PUBLISH_DIR; 		ssh cciccone@olilab01.ateneo.unito.it ln -s $GSEA_PUBLISH_DIR/ash_rnk-* /var/www/html/epigen/shinySea/hash; 		echo 'publish done' > gsea_publish_done
	
        (one of the commands exited with non-zero exit code; note that snakemake uses bash strict mode!)

Complete log: /sto1/epigen/Follenzi_BMEC/dataset/v1_sample_removed/DGE/SnakeGSEA/dataset/logFC_Pval/.snakemake/log/2022-10-26T183636.646810.snakemake.log
