Building DAG of jobs...
File path /sto1/ref/bioinfotree/task//msigdb/dataset/v2022.1.Mm/m1.all.v2022.1.Mm.symbols.gmt.gz contains double '/'. This is likely unintended. It can also lead to inconsistent results of the file-matching approach used by Snakemake.
File path /sto1/ref/bioinfotree/task//msigdb/dataset/v2022.1.Mm/m1.all.v2022.1.Mm.symbols.gmt contains double '/'. This is likely unintended. It can also lead to inconsistent results of the file-matching approach used by Snakemake.
File path /sto1/ref/bioinfotree/task//msigdb/dataset/v2022.1.Mm//sto1/ref/bioinfotree/task//msigdb/dataset/v2022.1.Mm/m1.all.v2022.1.Mm.symbols.v2022.1.Mm.symbols.gmt.gz contains double '/'. This is likely unintended. It can also lead to inconsistent results of the file-matching approach used by Snakemake.
File path /sto1/ref/bioinfotree/task//msigdb/dataset/v2022.1.Mm/m1.all.v2022.1.Mm.symbols.gmt contains double '/'. This is likely unintended. It can also lead to inconsistent results of the file-matching approach used by Snakemake.
File path /sto1/ref/bioinfotree/task//msigdb/dataset/v2022.1.Mm/m2.all.v2022.1.Mm.symbols.gmt.gz contains double '/'. This is likely unintended. It can also lead to inconsistent results of the file-matching approach used by Snakemake.
File path /sto1/ref/bioinfotree/task//msigdb/dataset/v2022.1.Mm/m2.all.v2022.1.Mm.symbols.gmt contains double '/'. This is likely unintended. It can also lead to inconsistent results of the file-matching approach used by Snakemake.
File path /sto1/ref/bioinfotree/task//msigdb/dataset/v2022.1.Mm//sto1/ref/bioinfotree/task//msigdb/dataset/v2022.1.Mm/m2.all.v2022.1.Mm.symbols.v2022.1.Mm.symbols.gmt.gz contains double '/'. This is likely unintended. It can also lead to inconsistent results of the file-matching approach used by Snakemake.
File path /sto1/ref/bioinfotree/task//msigdb/dataset/v2022.1.Mm/m2.all.v2022.1.Mm.symbols.gmt contains double '/'. This is likely unintended. It can also lead to inconsistent results of the file-matching approach used by Snakemake.
File path /sto1/ref/bioinfotree/task//msigdb/dataset/v2022.1.Mm/m2.cgp.v2022.1.Mm.symbols.gmt.gz contains double '/'. This is likely unintended. It can also lead to inconsistent results of the file-matching approach used by Snakemake.
File path /sto1/ref/bioinfotree/task//msigdb/dataset/v2022.1.Mm/m2.cgp.v2022.1.Mm.symbols.gmt contains double '/'. This is likely unintended. It can also lead to inconsistent results of the file-matching approach used by Snakemake.
File path /sto1/ref/bioinfotree/task//msigdb/dataset/v2022.1.Mm//sto1/ref/bioinfotree/task//msigdb/dataset/v2022.1.Mm/m2.cgp.v2022.1.Mm.symbols.v2022.1.Mm.symbols.gmt.gz contains double '/'. This is likely unintended. It can also lead to inconsistent results of the file-matching approach used by Snakemake.
File path /sto1/ref/bioinfotree/task//msigdb/dataset/v2022.1.Mm/m2.cgp.v2022.1.Mm.symbols.gmt contains double '/'. This is likely unintended. It can also lead to inconsistent results of the file-matching approach used by Snakemake.
File path /sto1/ref/bioinfotree/task//msigdb/dataset/v2022.1.Mm/m2.cp.biocarta.v2022.1.Mm.symbols.gmt.gz contains double '/'. This is likely unintended. It can also lead to inconsistent results of the file-matching approach used by Snakemake.
File path /sto1/ref/bioinfotree/task//msigdb/dataset/v2022.1.Mm/m2.cp.biocarta.v2022.1.Mm.symbols.gmt contains double '/'. This is likely unintended. It can also lead to inconsistent results of the file-matching approach used by Snakemake.
File path /sto1/ref/bioinfotree/task//msigdb/dataset/v2022.1.Mm//sto1/ref/bioinfotree/task//msigdb/dataset/v2022.1.Mm/m2.cp.biocarta.v2022.1.Mm.symbols.v2022.1.Mm.symbols.gmt.gz contains double '/'. This is likely unintended. It can also lead to inconsistent results of the file-matching approach used by Snakemake.
File path /sto1/ref/bioinfotree/task//msigdb/dataset/v2022.1.Mm/m2.cp.biocarta.v2022.1.Mm.symbols.gmt contains double '/'. This is likely unintended. It can also lead to inconsistent results of the file-matching approach used by Snakemake.
File path /sto1/ref/bioinfotree/task//msigdb/dataset/v2022.1.Mm/m2.cp.reactome.v2022.1.Mm.symbols.gmt.gz contains double '/'. This is likely unintended. It can also lead to inconsistent results of the file-matching approach used by Snakemake.
File path /sto1/ref/bioinfotree/task//msigdb/dataset/v2022.1.Mm/m2.cp.reactome.v2022.1.Mm.symbols.gmt contains double '/'. This is likely unintended. It can also lead to inconsistent results of the file-matching approach used by Snakemake.
File path /sto1/ref/bioinfotree/task//msigdb/dataset/v2022.1.Mm//sto1/ref/bioinfotree/task//msigdb/dataset/v2022.1.Mm/m2.cp.reactome.v2022.1.Mm.symbols.v2022.1.Mm.symbols.gmt.gz contains double '/'. This is likely unintended. It can also lead to inconsistent results of the file-matching approach used by Snakemake.
File path /sto1/ref/bioinfotree/task//msigdb/dataset/v2022.1.Mm/m2.cp.reactome.v2022.1.Mm.symbols.gmt contains double '/'. This is likely unintended. It can also lead to inconsistent results of the file-matching approach used by Snakemake.
File path /sto1/ref/bioinfotree/task//msigdb/dataset/v2022.1.Mm/m2.cp.v2022.1.Mm.symbols.gmt.gz contains double '/'. This is likely unintended. It can also lead to inconsistent results of the file-matching approach used by Snakemake.
File path /sto1/ref/bioinfotree/task//msigdb/dataset/v2022.1.Mm/m2.cp.v2022.1.Mm.symbols.gmt contains double '/'. This is likely unintended. It can also lead to inconsistent results of the file-matching approach used by Snakemake.
File path /sto1/ref/bioinfotree/task//msigdb/dataset/v2022.1.Mm//sto1/ref/bioinfotree/task//msigdb/dataset/v2022.1.Mm/m2.cp.v2022.1.Mm.symbols.v2022.1.Mm.symbols.gmt.gz contains double '/'. This is likely unintended. It can also lead to inconsistent results of the file-matching approach used by Snakemake.
File path /sto1/ref/bioinfotree/task//msigdb/dataset/v2022.1.Mm/m2.cp.v2022.1.Mm.symbols.gmt contains double '/'. This is likely unintended. It can also lead to inconsistent results of the file-matching approach used by Snakemake.
File path /sto1/ref/bioinfotree/task//msigdb/dataset/v2022.1.Mm/m2.cp.wikipathways.v2022.1.Mm.symbols.gmt.gz contains double '/'. This is likely unintended. It can also lead to inconsistent results of the file-matching approach used by Snakemake.
File path /sto1/ref/bioinfotree/task//msigdb/dataset/v2022.1.Mm/m2.cp.wikipathways.v2022.1.Mm.symbols.gmt contains double '/'. This is likely unintended. It can also lead to inconsistent results of the file-matching approach used by Snakemake.
File path /sto1/ref/bioinfotree/task//msigdb/dataset/v2022.1.Mm//sto1/ref/bioinfotree/task//msigdb/dataset/v2022.1.Mm/m2.cp.wikipathways.v2022.1.Mm.symbols.v2022.1.Mm.symbols.gmt.gz contains double '/'. This is likely unintended. It can also lead to inconsistent results of the file-matching approach used by Snakemake.
File path /sto1/ref/bioinfotree/task//msigdb/dataset/v2022.1.Mm/m2.cp.wikipathways.v2022.1.Mm.symbols.gmt contains double '/'. This is likely unintended. It can also lead to inconsistent results of the file-matching approach used by Snakemake.
File path /sto1/ref/bioinfotree/task//msigdb/dataset/v2022.1.Mm/m3.all.v2022.1.Mm.symbols.gmt.gz contains double '/'. This is likely unintended. It can also lead to inconsistent results of the file-matching approach used by Snakemake.
File path /sto1/ref/bioinfotree/task//msigdb/dataset/v2022.1.Mm/m3.all.v2022.1.Mm.symbols.gmt contains double '/'. This is likely unintended. It can also lead to inconsistent results of the file-matching approach used by Snakemake.
File path /sto1/ref/bioinfotree/task//msigdb/dataset/v2022.1.Mm//sto1/ref/bioinfotree/task//msigdb/dataset/v2022.1.Mm/m3.all.v2022.1.Mm.symbols.v2022.1.Mm.symbols.gmt.gz contains double '/'. This is likely unintended. It can also lead to inconsistent results of the file-matching approach used by Snakemake.
File path /sto1/ref/bioinfotree/task//msigdb/dataset/v2022.1.Mm/m3.all.v2022.1.Mm.symbols.gmt contains double '/'. This is likely unintended. It can also lead to inconsistent results of the file-matching approach used by Snakemake.
File path /sto1/ref/bioinfotree/task//msigdb/dataset/v2022.1.Mm/m3.gtrd.v2022.1.Mm.symbols.gmt.gz contains double '/'. This is likely unintended. It can also lead to inconsistent results of the file-matching approach used by Snakemake.
File path /sto1/ref/bioinfotree/task//msigdb/dataset/v2022.1.Mm/m3.gtrd.v2022.1.Mm.symbols.gmt contains double '/'. This is likely unintended. It can also lead to inconsistent results of the file-matching approach used by Snakemake.
File path /sto1/ref/bioinfotree/task//msigdb/dataset/v2022.1.Mm//sto1/ref/bioinfotree/task//msigdb/dataset/v2022.1.Mm/m3.gtrd.v2022.1.Mm.symbols.v2022.1.Mm.symbols.gmt.gz contains double '/'. This is likely unintended. It can also lead to inconsistent results of the file-matching approach used by Snakemake.
File path /sto1/ref/bioinfotree/task//msigdb/dataset/v2022.1.Mm/m3.gtrd.v2022.1.Mm.symbols.gmt contains double '/'. This is likely unintended. It can also lead to inconsistent results of the file-matching approach used by Snakemake.
File path /sto1/ref/bioinfotree/task//msigdb/dataset/v2022.1.Mm/m3.mirdb.v2022.1.Mm.symbols.gmt.gz contains double '/'. This is likely unintended. It can also lead to inconsistent results of the file-matching approach used by Snakemake.
File path /sto1/ref/bioinfotree/task//msigdb/dataset/v2022.1.Mm/m3.mirdb.v2022.1.Mm.symbols.gmt contains double '/'. This is likely unintended. It can also lead to inconsistent results of the file-matching approach used by Snakemake.
File path /sto1/ref/bioinfotree/task//msigdb/dataset/v2022.1.Mm//sto1/ref/bioinfotree/task//msigdb/dataset/v2022.1.Mm/m3.mirdb.v2022.1.Mm.symbols.v2022.1.Mm.symbols.gmt.gz contains double '/'. This is likely unintended. It can also lead to inconsistent results of the file-matching approach used by Snakemake.
File path /sto1/ref/bioinfotree/task//msigdb/dataset/v2022.1.Mm/m3.mirdb.v2022.1.Mm.symbols.gmt contains double '/'. This is likely unintended. It can also lead to inconsistent results of the file-matching approach used by Snakemake.
File path /sto1/ref/bioinfotree/task//msigdb/dataset/v2022.1.Mm/m5.all.v2022.1.Mm.symbols.gmt.gz contains double '/'. This is likely unintended. It can also lead to inconsistent results of the file-matching approach used by Snakemake.
File path /sto1/ref/bioinfotree/task//msigdb/dataset/v2022.1.Mm/m5.all.v2022.1.Mm.symbols.gmt contains double '/'. This is likely unintended. It can also lead to inconsistent results of the file-matching approach used by Snakemake.
File path /sto1/ref/bioinfotree/task//msigdb/dataset/v2022.1.Mm//sto1/ref/bioinfotree/task//msigdb/dataset/v2022.1.Mm/m5.all.v2022.1.Mm.symbols.v2022.1.Mm.symbols.gmt.gz contains double '/'. This is likely unintended. It can also lead to inconsistent results of the file-matching approach used by Snakemake.
File path /sto1/ref/bioinfotree/task//msigdb/dataset/v2022.1.Mm/m5.all.v2022.1.Mm.symbols.gmt contains double '/'. This is likely unintended. It can also lead to inconsistent results of the file-matching approach used by Snakemake.
File path /sto1/ref/bioinfotree/task//msigdb/dataset/v2022.1.Mm/m5.go.bp.v2022.1.Mm.symbols.gmt.gz contains double '/'. This is likely unintended. It can also lead to inconsistent results of the file-matching approach used by Snakemake.
File path /sto1/ref/bioinfotree/task//msigdb/dataset/v2022.1.Mm/m5.go.bp.v2022.1.Mm.symbols.gmt contains double '/'. This is likely unintended. It can also lead to inconsistent results of the file-matching approach used by Snakemake.
File path /sto1/ref/bioinfotree/task//msigdb/dataset/v2022.1.Mm//sto1/ref/bioinfotree/task//msigdb/dataset/v2022.1.Mm/m5.go.bp.v2022.1.Mm.symbols.v2022.1.Mm.symbols.gmt.gz contains double '/'. This is likely unintended. It can also lead to inconsistent results of the file-matching approach used by Snakemake.
File path /sto1/ref/bioinfotree/task//msigdb/dataset/v2022.1.Mm/m5.go.bp.v2022.1.Mm.symbols.gmt contains double '/'. This is likely unintended. It can also lead to inconsistent results of the file-matching approach used by Snakemake.
File path /sto1/ref/bioinfotree/task//msigdb/dataset/v2022.1.Mm/m5.go.cc.v2022.1.Mm.symbols.gmt.gz contains double '/'. This is likely unintended. It can also lead to inconsistent results of the file-matching approach used by Snakemake.
File path /sto1/ref/bioinfotree/task//msigdb/dataset/v2022.1.Mm/m5.go.cc.v2022.1.Mm.symbols.gmt contains double '/'. This is likely unintended. It can also lead to inconsistent results of the file-matching approach used by Snakemake.
File path /sto1/ref/bioinfotree/task//msigdb/dataset/v2022.1.Mm//sto1/ref/bioinfotree/task//msigdb/dataset/v2022.1.Mm/m5.go.cc.v2022.1.Mm.symbols.v2022.1.Mm.symbols.gmt.gz contains double '/'. This is likely unintended. It can also lead to inconsistent results of the file-matching approach used by Snakemake.
File path /sto1/ref/bioinfotree/task//msigdb/dataset/v2022.1.Mm/m5.go.cc.v2022.1.Mm.symbols.gmt contains double '/'. This is likely unintended. It can also lead to inconsistent results of the file-matching approach used by Snakemake.
File path /sto1/ref/bioinfotree/task//msigdb/dataset/v2022.1.Mm/m5.go.mf.v2022.1.Mm.symbols.gmt.gz contains double '/'. This is likely unintended. It can also lead to inconsistent results of the file-matching approach used by Snakemake.
File path /sto1/ref/bioinfotree/task//msigdb/dataset/v2022.1.Mm/m5.go.mf.v2022.1.Mm.symbols.gmt contains double '/'. This is likely unintended. It can also lead to inconsistent results of the file-matching approach used by Snakemake.
File path /sto1/ref/bioinfotree/task//msigdb/dataset/v2022.1.Mm//sto1/ref/bioinfotree/task//msigdb/dataset/v2022.1.Mm/m5.go.mf.v2022.1.Mm.symbols.v2022.1.Mm.symbols.gmt.gz contains double '/'. This is likely unintended. It can also lead to inconsistent results of the file-matching approach used by Snakemake.
File path /sto1/ref/bioinfotree/task//msigdb/dataset/v2022.1.Mm/m5.go.mf.v2022.1.Mm.symbols.gmt contains double '/'. This is likely unintended. It can also lead to inconsistent results of the file-matching approach used by Snakemake.
File path /sto1/ref/bioinfotree/task//msigdb/dataset/v2022.1.Mm/m5.go.v2022.1.Mm.symbols.gmt.gz contains double '/'. This is likely unintended. It can also lead to inconsistent results of the file-matching approach used by Snakemake.
File path /sto1/ref/bioinfotree/task//msigdb/dataset/v2022.1.Mm/m5.go.v2022.1.Mm.symbols.gmt contains double '/'. This is likely unintended. It can also lead to inconsistent results of the file-matching approach used by Snakemake.
File path /sto1/ref/bioinfotree/task//msigdb/dataset/v2022.1.Mm//sto1/ref/bioinfotree/task//msigdb/dataset/v2022.1.Mm/m5.go.v2022.1.Mm.symbols.v2022.1.Mm.symbols.gmt.gz contains double '/'. This is likely unintended. It can also lead to inconsistent results of the file-matching approach used by Snakemake.
File path /sto1/ref/bioinfotree/task//msigdb/dataset/v2022.1.Mm/m5.go.v2022.1.Mm.symbols.gmt contains double '/'. This is likely unintended. It can also lead to inconsistent results of the file-matching approach used by Snakemake.
File path /sto1/ref/bioinfotree/task//msigdb/dataset/v2022.1.Mm/m5.mpt.v2022.1.Mm.symbols.gmt.gz contains double '/'. This is likely unintended. It can also lead to inconsistent results of the file-matching approach used by Snakemake.
File path /sto1/ref/bioinfotree/task//msigdb/dataset/v2022.1.Mm/m5.mpt.v2022.1.Mm.symbols.gmt contains double '/'. This is likely unintended. It can also lead to inconsistent results of the file-matching approach used by Snakemake.
File path /sto1/ref/bioinfotree/task//msigdb/dataset/v2022.1.Mm//sto1/ref/bioinfotree/task//msigdb/dataset/v2022.1.Mm/m5.mpt.v2022.1.Mm.symbols.v2022.1.Mm.symbols.gmt.gz contains double '/'. This is likely unintended. It can also lead to inconsistent results of the file-matching approach used by Snakemake.
File path /sto1/ref/bioinfotree/task//msigdb/dataset/v2022.1.Mm/m5.mpt.v2022.1.Mm.symbols.gmt contains double '/'. This is likely unintended. It can also lead to inconsistent results of the file-matching approach used by Snakemake.
File path /sto1/ref/bioinfotree/task//msigdb/dataset/v2022.1.Mm/m8.all.v2022.1.Mm.symbols.gmt.gz contains double '/'. This is likely unintended. It can also lead to inconsistent results of the file-matching approach used by Snakemake.
File path /sto1/ref/bioinfotree/task//msigdb/dataset/v2022.1.Mm/m8.all.v2022.1.Mm.symbols.gmt contains double '/'. This is likely unintended. It can also lead to inconsistent results of the file-matching approach used by Snakemake.
File path /sto1/ref/bioinfotree/task//msigdb/dataset/v2022.1.Mm//sto1/ref/bioinfotree/task//msigdb/dataset/v2022.1.Mm/m8.all.v2022.1.Mm.symbols.v2022.1.Mm.symbols.gmt.gz contains double '/'. This is likely unintended. It can also lead to inconsistent results of the file-matching approach used by Snakemake.
File path /sto1/ref/bioinfotree/task//msigdb/dataset/v2022.1.Mm/m8.all.v2022.1.Mm.symbols.gmt contains double '/'. This is likely unintended. It can also lead to inconsistent results of the file-matching approach used by Snakemake.
File path /sto1/ref/bioinfotree/task//msigdb/dataset/v2022.1.Mm/mh.all.v2022.1.Mm.symbols.gmt.gz contains double '/'. This is likely unintended. It can also lead to inconsistent results of the file-matching approach used by Snakemake.
File path /sto1/ref/bioinfotree/task//msigdb/dataset/v2022.1.Mm/mh.all.v2022.1.Mm.symbols.gmt contains double '/'. This is likely unintended. It can also lead to inconsistent results of the file-matching approach used by Snakemake.
File path /sto1/ref/bioinfotree/task//msigdb/dataset/v2022.1.Mm//sto1/ref/bioinfotree/task//msigdb/dataset/v2022.1.Mm/mh.all.v2022.1.Mm.symbols.v2022.1.Mm.symbols.gmt.gz contains double '/'. This is likely unintended. It can also lead to inconsistent results of the file-matching approach used by Snakemake.
File path /sto1/ref/bioinfotree/task//msigdb/dataset/v2022.1.Mm/mh.all.v2022.1.Mm.symbols.gmt contains double '/'. This is likely unintended. It can also lead to inconsistent results of the file-matching approach used by Snakemake.
IncompleteFilesException:
The files below seem to be incomplete. If you are sure that certain files are not incomplete, mark them as complete with

    snakemake --cleanup-metadata <filenames>

To re-generate the files rerun your command with the --rerun-incomplete flag.
Incomplete files:
multi_GSEA.link.header_added.xlsx
