Building DAG of jobs...
File path /sto1/ref/bioinfotree/task//msigdb/dataset/v2022.1.Mm/m1.all.v2022.1.Mm.symbols.gmt.gz contains double '/'. This is likely unintended. It can also lead to inconsistent results of the file-matching approach used by Snakemake.
File path /sto1/ref/bioinfotree/task//msigdb/dataset/v2022.1.Mm/m1.all.v2022.1.Mm.symbols.gmt contains double '/'. This is likely unintended. It can also lead to inconsistent results of the file-matching approach used by Snakemake.
File path /sto1/ref/bioinfotree/task//msigdb/dataset/v2022.1.Mm//sto1/ref/bioinfotree/task//msigdb/dataset/v2022.1.Mm/m1.all.v2022.1.Mm.symbols.v2022.1.Mm.symbols.gmt.gz contains double '/'. This is likely unintended. It can also lead to inconsistent results of the file-matching approach used by Snakemake.
File path /sto1/ref/bioinfotree/task//msigdb/dataset/v2022.1.Mm/m1.all.v2022.1.Mm.symbols.gmt contains double '/'. This is likely unintended. It can also lead to inconsistent results of the file-matching approach used by Snakemake.
File path /sto1/ref/bioinfotree/task//msigdb/dataset/v2022.1.Mm/m2.all.v2022.1.Mm.symbols.gmt.gz contains double '/'. This is likely unintended. It can also lead to inconsistent results of the file-matching approach used by Snakemake.
File path /sto1/ref/bioinfotree/task//msigdb/dataset/v2022.1.Mm/m2.all.v2022.1.Mm.symbols.gmt contains double '/'. This is likely unintended. It can also lead to inconsistent results of the file-matching approach used by Snakemake.
File path /sto1/ref/bioinfotree/task//msigdb/dataset/v2022.1.Mm//sto1/ref/bioinfotree/task//msigdb/dataset/v2022.1.Mm/m2.all.v2022.1.Mm.symbols.v2022.1.Mm.symbols.gmt.gz contains double '/'. This is likely unintended. It can also lead to inconsistent results of the file-matching approach used by Snakemake.
File path /sto1/ref/bioinfotree/task//msigdb/dataset/v2022.1.Mm/m2.all.v2022.1.Mm.symbols.gmt contains double '/'. This is likely unintended. It can also lead to inconsistent results of the file-matching approach used by Snakemake.
File path /sto1/ref/bioinfotree/task//msigdb/dataset/v2022.1.Mm/m2.cgp.v2022.1.Mm.symbols.gmt.gz contains double '/'. This is likely unintended. It can also lead to inconsistent results of the file-matching approach used by Snakemake.
File path /sto1/ref/bioinfotree/task//msigdb/dataset/v2022.1.Mm/m2.cgp.v2022.1.Mm.symbols.gmt contains double '/'. This is likely unintended. It can also lead to inconsistent results of the file-matching approach used by Snakemake.
File path /sto1/ref/bioinfotree/task//msigdb/dataset/v2022.1.Mm//sto1/ref/bioinfotree/task//msigdb/dataset/v2022.1.Mm/m2.cgp.v2022.1.Mm.symbols.v2022.1.Mm.symbols.gmt.gz contains double '/'. This is likely unintended. It can also lead to inconsistent results of the file-matching approach used by Snakemake.
File path /sto1/ref/bioinfotree/task//msigdb/dataset/v2022.1.Mm/m2.cgp.v2022.1.Mm.symbols.gmt contains double '/'. This is likely unintended. It can also lead to inconsistent results of the file-matching approach used by Snakemake.
File path /sto1/ref/bioinfotree/task//msigdb/dataset/v2022.1.Mm/m2.cp.biocarta.v2022.1.Mm.symbols.gmt.gz contains double '/'. This is likely unintended. It can also lead to inconsistent results of the file-matching approach used by Snakemake.
File path /sto1/ref/bioinfotree/task//msigdb/dataset/v2022.1.Mm/m2.cp.biocarta.v2022.1.Mm.symbols.gmt contains double '/'. This is likely unintended. It can also lead to inconsistent results of the file-matching approach used by Snakemake.
File path /sto1/ref/bioinfotree/task//msigdb/dataset/v2022.1.Mm//sto1/ref/bioinfotree/task//msigdb/dataset/v2022.1.Mm/m2.cp.biocarta.v2022.1.Mm.symbols.v2022.1.Mm.symbols.gmt.gz contains double '/'. This is likely unintended. It can also lead to inconsistent results of the file-matching approach used by Snakemake.
File path /sto1/ref/bioinfotree/task//msigdb/dataset/v2022.1.Mm/m2.cp.biocarta.v2022.1.Mm.symbols.gmt contains double '/'. This is likely unintended. It can also lead to inconsistent results of the file-matching approach used by Snakemake.
File path /sto1/ref/bioinfotree/task//msigdb/dataset/v2022.1.Mm/m2.cp.reactome.v2022.1.Mm.symbols.gmt.gz contains double '/'. This is likely unintended. It can also lead to inconsistent results of the file-matching approach used by Snakemake.
File path /sto1/ref/bioinfotree/task//msigdb/dataset/v2022.1.Mm/m2.cp.reactome.v2022.1.Mm.symbols.gmt contains double '/'. This is likely unintended. It can also lead to inconsistent results of the file-matching approach used by Snakemake.
File path /sto1/ref/bioinfotree/task//msigdb/dataset/v2022.1.Mm//sto1/ref/bioinfotree/task//msigdb/dataset/v2022.1.Mm/m2.cp.reactome.v2022.1.Mm.symbols.v2022.1.Mm.symbols.gmt.gz contains double '/'. This is likely unintended. It can also lead to inconsistent results of the file-matching approach used by Snakemake.
File path /sto1/ref/bioinfotree/task//msigdb/dataset/v2022.1.Mm/m2.cp.reactome.v2022.1.Mm.symbols.gmt contains double '/'. This is likely unintended. It can also lead to inconsistent results of the file-matching approach used by Snakemake.
File path /sto1/ref/bioinfotree/task//msigdb/dataset/v2022.1.Mm/m2.cp.v2022.1.Mm.symbols.gmt.gz contains double '/'. This is likely unintended. It can also lead to inconsistent results of the file-matching approach used by Snakemake.
File path /sto1/ref/bioinfotree/task//msigdb/dataset/v2022.1.Mm/m2.cp.v2022.1.Mm.symbols.gmt contains double '/'. This is likely unintended. It can also lead to inconsistent results of the file-matching approach used by Snakemake.
File path /sto1/ref/bioinfotree/task//msigdb/dataset/v2022.1.Mm//sto1/ref/bioinfotree/task//msigdb/dataset/v2022.1.Mm/m2.cp.v2022.1.Mm.symbols.v2022.1.Mm.symbols.gmt.gz contains double '/'. This is likely unintended. It can also lead to inconsistent results of the file-matching approach used by Snakemake.
File path /sto1/ref/bioinfotree/task//msigdb/dataset/v2022.1.Mm/m2.cp.v2022.1.Mm.symbols.gmt contains double '/'. This is likely unintended. It can also lead to inconsistent results of the file-matching approach used by Snakemake.
File path /sto1/ref/bioinfotree/task//msigdb/dataset/v2022.1.Mm/m2.cp.wikipathways.v2022.1.Mm.symbols.gmt.gz contains double '/'. This is likely unintended. It can also lead to inconsistent results of the file-matching approach used by Snakemake.
File path /sto1/ref/bioinfotree/task//msigdb/dataset/v2022.1.Mm/m2.cp.wikipathways.v2022.1.Mm.symbols.gmt contains double '/'. This is likely unintended. It can also lead to inconsistent results of the file-matching approach used by Snakemake.
File path /sto1/ref/bioinfotree/task//msigdb/dataset/v2022.1.Mm//sto1/ref/bioinfotree/task//msigdb/dataset/v2022.1.Mm/m2.cp.wikipathways.v2022.1.Mm.symbols.v2022.1.Mm.symbols.gmt.gz contains double '/'. This is likely unintended. It can also lead to inconsistent results of the file-matching approach used by Snakemake.
File path /sto1/ref/bioinfotree/task//msigdb/dataset/v2022.1.Mm/m2.cp.wikipathways.v2022.1.Mm.symbols.gmt contains double '/'. This is likely unintended. It can also lead to inconsistent results of the file-matching approach used by Snakemake.
File path /sto1/ref/bioinfotree/task//msigdb/dataset/v2022.1.Mm/m3.all.v2022.1.Mm.symbols.gmt.gz contains double '/'. This is likely unintended. It can also lead to inconsistent results of the file-matching approach used by Snakemake.
File path /sto1/ref/bioinfotree/task//msigdb/dataset/v2022.1.Mm/m3.all.v2022.1.Mm.symbols.gmt contains double '/'. This is likely unintended. It can also lead to inconsistent results of the file-matching approach used by Snakemake.
File path /sto1/ref/bioinfotree/task//msigdb/dataset/v2022.1.Mm//sto1/ref/bioinfotree/task//msigdb/dataset/v2022.1.Mm/m3.all.v2022.1.Mm.symbols.v2022.1.Mm.symbols.gmt.gz contains double '/'. This is likely unintended. It can also lead to inconsistent results of the file-matching approach used by Snakemake.
File path /sto1/ref/bioinfotree/task//msigdb/dataset/v2022.1.Mm/m3.all.v2022.1.Mm.symbols.gmt contains double '/'. This is likely unintended. It can also lead to inconsistent results of the file-matching approach used by Snakemake.
File path /sto1/ref/bioinfotree/task//msigdb/dataset/v2022.1.Mm/m3.gtrd.v2022.1.Mm.symbols.gmt.gz contains double '/'. This is likely unintended. It can also lead to inconsistent results of the file-matching approach used by Snakemake.
File path /sto1/ref/bioinfotree/task//msigdb/dataset/v2022.1.Mm/m3.gtrd.v2022.1.Mm.symbols.gmt contains double '/'. This is likely unintended. It can also lead to inconsistent results of the file-matching approach used by Snakemake.
File path /sto1/ref/bioinfotree/task//msigdb/dataset/v2022.1.Mm//sto1/ref/bioinfotree/task//msigdb/dataset/v2022.1.Mm/m3.gtrd.v2022.1.Mm.symbols.v2022.1.Mm.symbols.gmt.gz contains double '/'. This is likely unintended. It can also lead to inconsistent results of the file-matching approach used by Snakemake.
File path /sto1/ref/bioinfotree/task//msigdb/dataset/v2022.1.Mm/m3.gtrd.v2022.1.Mm.symbols.gmt contains double '/'. This is likely unintended. It can also lead to inconsistent results of the file-matching approach used by Snakemake.
File path /sto1/ref/bioinfotree/task//msigdb/dataset/v2022.1.Mm/m3.mirdb.v2022.1.Mm.symbols.gmt.gz contains double '/'. This is likely unintended. It can also lead to inconsistent results of the file-matching approach used by Snakemake.
File path /sto1/ref/bioinfotree/task//msigdb/dataset/v2022.1.Mm/m3.mirdb.v2022.1.Mm.symbols.gmt contains double '/'. This is likely unintended. It can also lead to inconsistent results of the file-matching approach used by Snakemake.
File path /sto1/ref/bioinfotree/task//msigdb/dataset/v2022.1.Mm//sto1/ref/bioinfotree/task//msigdb/dataset/v2022.1.Mm/m3.mirdb.v2022.1.Mm.symbols.v2022.1.Mm.symbols.gmt.gz contains double '/'. This is likely unintended. It can also lead to inconsistent results of the file-matching approach used by Snakemake.
File path /sto1/ref/bioinfotree/task//msigdb/dataset/v2022.1.Mm/m3.mirdb.v2022.1.Mm.symbols.gmt contains double '/'. This is likely unintended. It can also lead to inconsistent results of the file-matching approach used by Snakemake.
File path /sto1/ref/bioinfotree/task//msigdb/dataset/v2022.1.Mm/m5.all.v2022.1.Mm.symbols.gmt.gz contains double '/'. This is likely unintended. It can also lead to inconsistent results of the file-matching approach used by Snakemake.
File path /sto1/ref/bioinfotree/task//msigdb/dataset/v2022.1.Mm/m5.all.v2022.1.Mm.symbols.gmt contains double '/'. This is likely unintended. It can also lead to inconsistent results of the file-matching approach used by Snakemake.
File path /sto1/ref/bioinfotree/task//msigdb/dataset/v2022.1.Mm//sto1/ref/bioinfotree/task//msigdb/dataset/v2022.1.Mm/m5.all.v2022.1.Mm.symbols.v2022.1.Mm.symbols.gmt.gz contains double '/'. This is likely unintended. It can also lead to inconsistent results of the file-matching approach used by Snakemake.
File path /sto1/ref/bioinfotree/task//msigdb/dataset/v2022.1.Mm/m5.all.v2022.1.Mm.symbols.gmt contains double '/'. This is likely unintended. It can also lead to inconsistent results of the file-matching approach used by Snakemake.
File path /sto1/ref/bioinfotree/task//msigdb/dataset/v2022.1.Mm/m5.go.bp.v2022.1.Mm.symbols.gmt.gz contains double '/'. This is likely unintended. It can also lead to inconsistent results of the file-matching approach used by Snakemake.
File path /sto1/ref/bioinfotree/task//msigdb/dataset/v2022.1.Mm/m5.go.bp.v2022.1.Mm.symbols.gmt contains double '/'. This is likely unintended. It can also lead to inconsistent results of the file-matching approach used by Snakemake.
File path /sto1/ref/bioinfotree/task//msigdb/dataset/v2022.1.Mm//sto1/ref/bioinfotree/task//msigdb/dataset/v2022.1.Mm/m5.go.bp.v2022.1.Mm.symbols.v2022.1.Mm.symbols.gmt.gz contains double '/'. This is likely unintended. It can also lead to inconsistent results of the file-matching approach used by Snakemake.
File path /sto1/ref/bioinfotree/task//msigdb/dataset/v2022.1.Mm/m5.go.bp.v2022.1.Mm.symbols.gmt contains double '/'. This is likely unintended. It can also lead to inconsistent results of the file-matching approach used by Snakemake.
File path /sto1/ref/bioinfotree/task//msigdb/dataset/v2022.1.Mm/m5.go.cc.v2022.1.Mm.symbols.gmt.gz contains double '/'. This is likely unintended. It can also lead to inconsistent results of the file-matching approach used by Snakemake.
File path /sto1/ref/bioinfotree/task//msigdb/dataset/v2022.1.Mm/m5.go.cc.v2022.1.Mm.symbols.gmt contains double '/'. This is likely unintended. It can also lead to inconsistent results of the file-matching approach used by Snakemake.
File path /sto1/ref/bioinfotree/task//msigdb/dataset/v2022.1.Mm//sto1/ref/bioinfotree/task//msigdb/dataset/v2022.1.Mm/m5.go.cc.v2022.1.Mm.symbols.v2022.1.Mm.symbols.gmt.gz contains double '/'. This is likely unintended. It can also lead to inconsistent results of the file-matching approach used by Snakemake.
File path /sto1/ref/bioinfotree/task//msigdb/dataset/v2022.1.Mm/m5.go.cc.v2022.1.Mm.symbols.gmt contains double '/'. This is likely unintended. It can also lead to inconsistent results of the file-matching approach used by Snakemake.
File path /sto1/ref/bioinfotree/task//msigdb/dataset/v2022.1.Mm/m5.go.mf.v2022.1.Mm.symbols.gmt.gz contains double '/'. This is likely unintended. It can also lead to inconsistent results of the file-matching approach used by Snakemake.
File path /sto1/ref/bioinfotree/task//msigdb/dataset/v2022.1.Mm/m5.go.mf.v2022.1.Mm.symbols.gmt contains double '/'. This is likely unintended. It can also lead to inconsistent results of the file-matching approach used by Snakemake.
File path /sto1/ref/bioinfotree/task//msigdb/dataset/v2022.1.Mm//sto1/ref/bioinfotree/task//msigdb/dataset/v2022.1.Mm/m5.go.mf.v2022.1.Mm.symbols.v2022.1.Mm.symbols.gmt.gz contains double '/'. This is likely unintended. It can also lead to inconsistent results of the file-matching approach used by Snakemake.
File path /sto1/ref/bioinfotree/task//msigdb/dataset/v2022.1.Mm/m5.go.mf.v2022.1.Mm.symbols.gmt contains double '/'. This is likely unintended. It can also lead to inconsistent results of the file-matching approach used by Snakemake.
File path /sto1/ref/bioinfotree/task//msigdb/dataset/v2022.1.Mm/m5.go.v2022.1.Mm.symbols.gmt.gz contains double '/'. This is likely unintended. It can also lead to inconsistent results of the file-matching approach used by Snakemake.
File path /sto1/ref/bioinfotree/task//msigdb/dataset/v2022.1.Mm/m5.go.v2022.1.Mm.symbols.gmt contains double '/'. This is likely unintended. It can also lead to inconsistent results of the file-matching approach used by Snakemake.
File path /sto1/ref/bioinfotree/task//msigdb/dataset/v2022.1.Mm//sto1/ref/bioinfotree/task//msigdb/dataset/v2022.1.Mm/m5.go.v2022.1.Mm.symbols.v2022.1.Mm.symbols.gmt.gz contains double '/'. This is likely unintended. It can also lead to inconsistent results of the file-matching approach used by Snakemake.
File path /sto1/ref/bioinfotree/task//msigdb/dataset/v2022.1.Mm/m5.go.v2022.1.Mm.symbols.gmt contains double '/'. This is likely unintended. It can also lead to inconsistent results of the file-matching approach used by Snakemake.
File path /sto1/ref/bioinfotree/task//msigdb/dataset/v2022.1.Mm/m5.mpt.v2022.1.Mm.symbols.gmt.gz contains double '/'. This is likely unintended. It can also lead to inconsistent results of the file-matching approach used by Snakemake.
File path /sto1/ref/bioinfotree/task//msigdb/dataset/v2022.1.Mm/m5.mpt.v2022.1.Mm.symbols.gmt contains double '/'. This is likely unintended. It can also lead to inconsistent results of the file-matching approach used by Snakemake.
File path /sto1/ref/bioinfotree/task//msigdb/dataset/v2022.1.Mm//sto1/ref/bioinfotree/task//msigdb/dataset/v2022.1.Mm/m5.mpt.v2022.1.Mm.symbols.v2022.1.Mm.symbols.gmt.gz contains double '/'. This is likely unintended. It can also lead to inconsistent results of the file-matching approach used by Snakemake.
File path /sto1/ref/bioinfotree/task//msigdb/dataset/v2022.1.Mm/m5.mpt.v2022.1.Mm.symbols.gmt contains double '/'. This is likely unintended. It can also lead to inconsistent results of the file-matching approach used by Snakemake.
File path /sto1/ref/bioinfotree/task//msigdb/dataset/v2022.1.Mm/m8.all.v2022.1.Mm.symbols.gmt.gz contains double '/'. This is likely unintended. It can also lead to inconsistent results of the file-matching approach used by Snakemake.
File path /sto1/ref/bioinfotree/task//msigdb/dataset/v2022.1.Mm/m8.all.v2022.1.Mm.symbols.gmt contains double '/'. This is likely unintended. It can also lead to inconsistent results of the file-matching approach used by Snakemake.
File path /sto1/ref/bioinfotree/task//msigdb/dataset/v2022.1.Mm//sto1/ref/bioinfotree/task//msigdb/dataset/v2022.1.Mm/m8.all.v2022.1.Mm.symbols.v2022.1.Mm.symbols.gmt.gz contains double '/'. This is likely unintended. It can also lead to inconsistent results of the file-matching approach used by Snakemake.
File path /sto1/ref/bioinfotree/task//msigdb/dataset/v2022.1.Mm/m8.all.v2022.1.Mm.symbols.gmt contains double '/'. This is likely unintended. It can also lead to inconsistent results of the file-matching approach used by Snakemake.
File path /sto1/ref/bioinfotree/task//msigdb/dataset/v2022.1.Mm/mh.all.v2022.1.Mm.symbols.gmt.gz contains double '/'. This is likely unintended. It can also lead to inconsistent results of the file-matching approach used by Snakemake.
File path /sto1/ref/bioinfotree/task//msigdb/dataset/v2022.1.Mm/mh.all.v2022.1.Mm.symbols.gmt contains double '/'. This is likely unintended. It can also lead to inconsistent results of the file-matching approach used by Snakemake.
File path /sto1/ref/bioinfotree/task//msigdb/dataset/v2022.1.Mm//sto1/ref/bioinfotree/task//msigdb/dataset/v2022.1.Mm/mh.all.v2022.1.Mm.symbols.v2022.1.Mm.symbols.gmt.gz contains double '/'. This is likely unintended. It can also lead to inconsistent results of the file-matching approach used by Snakemake.
File path /sto1/ref/bioinfotree/task//msigdb/dataset/v2022.1.Mm/mh.all.v2022.1.Mm.symbols.gmt contains double '/'. This is likely unintended. It can also lead to inconsistent results of the file-matching approach used by Snakemake.
Using shell: /usr/bin/bash
Provided cores: 1 (use --cores to define parallelism)
Rules claiming more threads will be scaled down.
Job stats:
job                 count    min threads    max threads
----------------  -------  -------------  -------------
multi_fGSEA_link        1              1              1
total                   1              1              1

Select jobs to execute...

[Thu Oct 27 12:17:28 2022]
rule multi_fGSEA_link:
    input: multi_GSEA.gz, rnk_md5sum.txt
    output: multi_GSEA.link.gz
    jobid: 0
    resources: tmpdir=/sto1/tmp


		zcat multi_GSEA.gz 		| translate -a -r <(tr " " "\t" < rnk_md5sum.txt | cut -f3- | sed "s/.rnk//") 1  		| bawk '{HTTP="http://"; if(length($3)>100){HTTP=""} print $1~9, 			HTTP "molinerislab.shinyapps.io/shinysea/?rnk=" $10 "&geneset=" $2 "_" $3 "&gseaParam=" 0, 			"www.gsea-msigdb.org/gsea/msigdb/geneset_page.jsp?geneSetName=" $3}' 		| gzip > multi_GSEA.link.gz
	
[Thu Oct 27 12:17:28 2022]
Finished job 0.
1 of 1 steps (100%) done
Complete log: /sto1/epigen/Follenzi_BMEC/dataset/v1_sample_removed/DGE/SnakeGSEA/dataset/logFC_Pval/.snakemake/log/2022-10-27T121728.041432.snakemake.log
