Building DAG of jobs...
File path /sto1/ref/bioinfotree/task//msigdb/dataset/v2022.1.Mm/m1.all.v2022.1.Mm.symbols.gmt.gz contains double '/'. This is likely unintended. It can also lead to inconsistent results of the file-matching approach used by Snakemake.
File path /sto1/ref/bioinfotree/task//msigdb/dataset/v2022.1.Mm/m1.all.v2022.1.Mm.symbols.gmt contains double '/'. This is likely unintended. It can also lead to inconsistent results of the file-matching approach used by Snakemake.
File path /sto1/ref/bioinfotree/task//msigdb/dataset/v2022.1.Mm//sto1/ref/bioinfotree/task//msigdb/dataset/v2022.1.Mm/m1.all.v2022.1.Mm.symbols.v2022.1.Mm.symbols.gmt.gz contains double '/'. This is likely unintended. It can also lead to inconsistent results of the file-matching approach used by Snakemake.
File path /sto1/ref/bioinfotree/task//msigdb/dataset/v2022.1.Mm/m1.all.v2022.1.Mm.symbols.gmt contains double '/'. This is likely unintended. It can also lead to inconsistent results of the file-matching approach used by Snakemake.
File path /sto1/ref/bioinfotree/task//msigdb/dataset/v2022.1.Mm/m2.all.v2022.1.Mm.symbols.gmt.gz contains double '/'. This is likely unintended. It can also lead to inconsistent results of the file-matching approach used by Snakemake.
File path /sto1/ref/bioinfotree/task//msigdb/dataset/v2022.1.Mm/m2.all.v2022.1.Mm.symbols.gmt contains double '/'. This is likely unintended. It can also lead to inconsistent results of the file-matching approach used by Snakemake.
File path /sto1/ref/bioinfotree/task//msigdb/dataset/v2022.1.Mm//sto1/ref/bioinfotree/task//msigdb/dataset/v2022.1.Mm/m2.all.v2022.1.Mm.symbols.v2022.1.Mm.symbols.gmt.gz contains double '/'. This is likely unintended. It can also lead to inconsistent results of the file-matching approach used by Snakemake.
File path /sto1/ref/bioinfotree/task//msigdb/dataset/v2022.1.Mm/m2.all.v2022.1.Mm.symbols.gmt contains double '/'. This is likely unintended. It can also lead to inconsistent results of the file-matching approach used by Snakemake.
File path /sto1/ref/bioinfotree/task//msigdb/dataset/v2022.1.Mm/m2.cgp.v2022.1.Mm.symbols.gmt.gz contains double '/'. This is likely unintended. It can also lead to inconsistent results of the file-matching approach used by Snakemake.
File path /sto1/ref/bioinfotree/task//msigdb/dataset/v2022.1.Mm/m2.cgp.v2022.1.Mm.symbols.gmt contains double '/'. This is likely unintended. It can also lead to inconsistent results of the file-matching approach used by Snakemake.
File path /sto1/ref/bioinfotree/task//msigdb/dataset/v2022.1.Mm//sto1/ref/bioinfotree/task//msigdb/dataset/v2022.1.Mm/m2.cgp.v2022.1.Mm.symbols.v2022.1.Mm.symbols.gmt.gz contains double '/'. This is likely unintended. It can also lead to inconsistent results of the file-matching approach used by Snakemake.
File path /sto1/ref/bioinfotree/task//msigdb/dataset/v2022.1.Mm/m2.cgp.v2022.1.Mm.symbols.gmt contains double '/'. This is likely unintended. It can also lead to inconsistent results of the file-matching approach used by Snakemake.
File path /sto1/ref/bioinfotree/task//msigdb/dataset/v2022.1.Mm/m2.cp.biocarta.v2022.1.Mm.symbols.gmt.gz contains double '/'. This is likely unintended. It can also lead to inconsistent results of the file-matching approach used by Snakemake.
File path /sto1/ref/bioinfotree/task//msigdb/dataset/v2022.1.Mm/m2.cp.biocarta.v2022.1.Mm.symbols.gmt contains double '/'. This is likely unintended. It can also lead to inconsistent results of the file-matching approach used by Snakemake.
File path /sto1/ref/bioinfotree/task//msigdb/dataset/v2022.1.Mm//sto1/ref/bioinfotree/task//msigdb/dataset/v2022.1.Mm/m2.cp.biocarta.v2022.1.Mm.symbols.v2022.1.Mm.symbols.gmt.gz contains double '/'. This is likely unintended. It can also lead to inconsistent results of the file-matching approach used by Snakemake.
File path /sto1/ref/bioinfotree/task//msigdb/dataset/v2022.1.Mm/m2.cp.biocarta.v2022.1.Mm.symbols.gmt contains double '/'. This is likely unintended. It can also lead to inconsistent results of the file-matching approach used by Snakemake.
File path /sto1/ref/bioinfotree/task//msigdb/dataset/v2022.1.Mm/m2.cp.reactome.v2022.1.Mm.symbols.gmt.gz contains double '/'. This is likely unintended. It can also lead to inconsistent results of the file-matching approach used by Snakemake.
File path /sto1/ref/bioinfotree/task//msigdb/dataset/v2022.1.Mm/m2.cp.reactome.v2022.1.Mm.symbols.gmt contains double '/'. This is likely unintended. It can also lead to inconsistent results of the file-matching approach used by Snakemake.
File path /sto1/ref/bioinfotree/task//msigdb/dataset/v2022.1.Mm//sto1/ref/bioinfotree/task//msigdb/dataset/v2022.1.Mm/m2.cp.reactome.v2022.1.Mm.symbols.v2022.1.Mm.symbols.gmt.gz contains double '/'. This is likely unintended. It can also lead to inconsistent results of the file-matching approach used by Snakemake.
File path /sto1/ref/bioinfotree/task//msigdb/dataset/v2022.1.Mm/m2.cp.reactome.v2022.1.Mm.symbols.gmt contains double '/'. This is likely unintended. It can also lead to inconsistent results of the file-matching approach used by Snakemake.
File path /sto1/ref/bioinfotree/task//msigdb/dataset/v2022.1.Mm/m2.cp.v2022.1.Mm.symbols.gmt.gz contains double '/'. This is likely unintended. It can also lead to inconsistent results of the file-matching approach used by Snakemake.
File path /sto1/ref/bioinfotree/task//msigdb/dataset/v2022.1.Mm/m2.cp.v2022.1.Mm.symbols.gmt contains double '/'. This is likely unintended. It can also lead to inconsistent results of the file-matching approach used by Snakemake.
File path /sto1/ref/bioinfotree/task//msigdb/dataset/v2022.1.Mm//sto1/ref/bioinfotree/task//msigdb/dataset/v2022.1.Mm/m2.cp.v2022.1.Mm.symbols.v2022.1.Mm.symbols.gmt.gz contains double '/'. This is likely unintended. It can also lead to inconsistent results of the file-matching approach used by Snakemake.
File path /sto1/ref/bioinfotree/task//msigdb/dataset/v2022.1.Mm/m2.cp.v2022.1.Mm.symbols.gmt contains double '/'. This is likely unintended. It can also lead to inconsistent results of the file-matching approach used by Snakemake.
File path /sto1/ref/bioinfotree/task//msigdb/dataset/v2022.1.Mm/m2.cp.wikipathways.v2022.1.Mm.symbols.gmt.gz contains double '/'. This is likely unintended. It can also lead to inconsistent results of the file-matching approach used by Snakemake.
File path /sto1/ref/bioinfotree/task//msigdb/dataset/v2022.1.Mm/m2.cp.wikipathways.v2022.1.Mm.symbols.gmt contains double '/'. This is likely unintended. It can also lead to inconsistent results of the file-matching approach used by Snakemake.
File path /sto1/ref/bioinfotree/task//msigdb/dataset/v2022.1.Mm//sto1/ref/bioinfotree/task//msigdb/dataset/v2022.1.Mm/m2.cp.wikipathways.v2022.1.Mm.symbols.v2022.1.Mm.symbols.gmt.gz contains double '/'. This is likely unintended. It can also lead to inconsistent results of the file-matching approach used by Snakemake.
File path /sto1/ref/bioinfotree/task//msigdb/dataset/v2022.1.Mm/m2.cp.wikipathways.v2022.1.Mm.symbols.gmt contains double '/'. This is likely unintended. It can also lead to inconsistent results of the file-matching approach used by Snakemake.
File path /sto1/ref/bioinfotree/task//msigdb/dataset/v2022.1.Mm/m3.all.v2022.1.Mm.symbols.gmt.gz contains double '/'. This is likely unintended. It can also lead to inconsistent results of the file-matching approach used by Snakemake.
File path /sto1/ref/bioinfotree/task//msigdb/dataset/v2022.1.Mm/m3.all.v2022.1.Mm.symbols.gmt contains double '/'. This is likely unintended. It can also lead to inconsistent results of the file-matching approach used by Snakemake.
File path /sto1/ref/bioinfotree/task//msigdb/dataset/v2022.1.Mm//sto1/ref/bioinfotree/task//msigdb/dataset/v2022.1.Mm/m3.all.v2022.1.Mm.symbols.v2022.1.Mm.symbols.gmt.gz contains double '/'. This is likely unintended. It can also lead to inconsistent results of the file-matching approach used by Snakemake.
File path /sto1/ref/bioinfotree/task//msigdb/dataset/v2022.1.Mm/m3.all.v2022.1.Mm.symbols.gmt contains double '/'. This is likely unintended. It can also lead to inconsistent results of the file-matching approach used by Snakemake.
File path /sto1/ref/bioinfotree/task//msigdb/dataset/v2022.1.Mm/m3.gtrd.v2022.1.Mm.symbols.gmt.gz contains double '/'. This is likely unintended. It can also lead to inconsistent results of the file-matching approach used by Snakemake.
File path /sto1/ref/bioinfotree/task//msigdb/dataset/v2022.1.Mm/m3.gtrd.v2022.1.Mm.symbols.gmt contains double '/'. This is likely unintended. It can also lead to inconsistent results of the file-matching approach used by Snakemake.
File path /sto1/ref/bioinfotree/task//msigdb/dataset/v2022.1.Mm//sto1/ref/bioinfotree/task//msigdb/dataset/v2022.1.Mm/m3.gtrd.v2022.1.Mm.symbols.v2022.1.Mm.symbols.gmt.gz contains double '/'. This is likely unintended. It can also lead to inconsistent results of the file-matching approach used by Snakemake.
File path /sto1/ref/bioinfotree/task//msigdb/dataset/v2022.1.Mm/m3.gtrd.v2022.1.Mm.symbols.gmt contains double '/'. This is likely unintended. It can also lead to inconsistent results of the file-matching approach used by Snakemake.
File path /sto1/ref/bioinfotree/task//msigdb/dataset/v2022.1.Mm/m3.mirdb.v2022.1.Mm.symbols.gmt.gz contains double '/'. This is likely unintended. It can also lead to inconsistent results of the file-matching approach used by Snakemake.
File path /sto1/ref/bioinfotree/task//msigdb/dataset/v2022.1.Mm/m3.mirdb.v2022.1.Mm.symbols.gmt contains double '/'. This is likely unintended. It can also lead to inconsistent results of the file-matching approach used by Snakemake.
File path /sto1/ref/bioinfotree/task//msigdb/dataset/v2022.1.Mm//sto1/ref/bioinfotree/task//msigdb/dataset/v2022.1.Mm/m3.mirdb.v2022.1.Mm.symbols.v2022.1.Mm.symbols.gmt.gz contains double '/'. This is likely unintended. It can also lead to inconsistent results of the file-matching approach used by Snakemake.
File path /sto1/ref/bioinfotree/task//msigdb/dataset/v2022.1.Mm/m3.mirdb.v2022.1.Mm.symbols.gmt contains double '/'. This is likely unintended. It can also lead to inconsistent results of the file-matching approach used by Snakemake.
File path /sto1/ref/bioinfotree/task//msigdb/dataset/v2022.1.Mm/m5.all.v2022.1.Mm.symbols.gmt.gz contains double '/'. This is likely unintended. It can also lead to inconsistent results of the file-matching approach used by Snakemake.
File path /sto1/ref/bioinfotree/task//msigdb/dataset/v2022.1.Mm/m5.all.v2022.1.Mm.symbols.gmt contains double '/'. This is likely unintended. It can also lead to inconsistent results of the file-matching approach used by Snakemake.
File path /sto1/ref/bioinfotree/task//msigdb/dataset/v2022.1.Mm//sto1/ref/bioinfotree/task//msigdb/dataset/v2022.1.Mm/m5.all.v2022.1.Mm.symbols.v2022.1.Mm.symbols.gmt.gz contains double '/'. This is likely unintended. It can also lead to inconsistent results of the file-matching approach used by Snakemake.
File path /sto1/ref/bioinfotree/task//msigdb/dataset/v2022.1.Mm/m5.all.v2022.1.Mm.symbols.gmt contains double '/'. This is likely unintended. It can also lead to inconsistent results of the file-matching approach used by Snakemake.
File path /sto1/ref/bioinfotree/task//msigdb/dataset/v2022.1.Mm/m5.go.bp.v2022.1.Mm.symbols.gmt.gz contains double '/'. This is likely unintended. It can also lead to inconsistent results of the file-matching approach used by Snakemake.
File path /sto1/ref/bioinfotree/task//msigdb/dataset/v2022.1.Mm/m5.go.bp.v2022.1.Mm.symbols.gmt contains double '/'. This is likely unintended. It can also lead to inconsistent results of the file-matching approach used by Snakemake.
File path /sto1/ref/bioinfotree/task//msigdb/dataset/v2022.1.Mm//sto1/ref/bioinfotree/task//msigdb/dataset/v2022.1.Mm/m5.go.bp.v2022.1.Mm.symbols.v2022.1.Mm.symbols.gmt.gz contains double '/'. This is likely unintended. It can also lead to inconsistent results of the file-matching approach used by Snakemake.
File path /sto1/ref/bioinfotree/task//msigdb/dataset/v2022.1.Mm/m5.go.bp.v2022.1.Mm.symbols.gmt contains double '/'. This is likely unintended. It can also lead to inconsistent results of the file-matching approach used by Snakemake.
File path /sto1/ref/bioinfotree/task//msigdb/dataset/v2022.1.Mm/m5.go.cc.v2022.1.Mm.symbols.gmt.gz contains double '/'. This is likely unintended. It can also lead to inconsistent results of the file-matching approach used by Snakemake.
File path /sto1/ref/bioinfotree/task//msigdb/dataset/v2022.1.Mm/m5.go.cc.v2022.1.Mm.symbols.gmt contains double '/'. This is likely unintended. It can also lead to inconsistent results of the file-matching approach used by Snakemake.
File path /sto1/ref/bioinfotree/task//msigdb/dataset/v2022.1.Mm//sto1/ref/bioinfotree/task//msigdb/dataset/v2022.1.Mm/m5.go.cc.v2022.1.Mm.symbols.v2022.1.Mm.symbols.gmt.gz contains double '/'. This is likely unintended. It can also lead to inconsistent results of the file-matching approach used by Snakemake.
File path /sto1/ref/bioinfotree/task//msigdb/dataset/v2022.1.Mm/m5.go.cc.v2022.1.Mm.symbols.gmt contains double '/'. This is likely unintended. It can also lead to inconsistent results of the file-matching approach used by Snakemake.
File path /sto1/ref/bioinfotree/task//msigdb/dataset/v2022.1.Mm/m5.go.mf.v2022.1.Mm.symbols.gmt.gz contains double '/'. This is likely unintended. It can also lead to inconsistent results of the file-matching approach used by Snakemake.
File path /sto1/ref/bioinfotree/task//msigdb/dataset/v2022.1.Mm/m5.go.mf.v2022.1.Mm.symbols.gmt contains double '/'. This is likely unintended. It can also lead to inconsistent results of the file-matching approach used by Snakemake.
File path /sto1/ref/bioinfotree/task//msigdb/dataset/v2022.1.Mm//sto1/ref/bioinfotree/task//msigdb/dataset/v2022.1.Mm/m5.go.mf.v2022.1.Mm.symbols.v2022.1.Mm.symbols.gmt.gz contains double '/'. This is likely unintended. It can also lead to inconsistent results of the file-matching approach used by Snakemake.
File path /sto1/ref/bioinfotree/task//msigdb/dataset/v2022.1.Mm/m5.go.mf.v2022.1.Mm.symbols.gmt contains double '/'. This is likely unintended. It can also lead to inconsistent results of the file-matching approach used by Snakemake.
File path /sto1/ref/bioinfotree/task//msigdb/dataset/v2022.1.Mm/m5.go.v2022.1.Mm.symbols.gmt.gz contains double '/'. This is likely unintended. It can also lead to inconsistent results of the file-matching approach used by Snakemake.
File path /sto1/ref/bioinfotree/task//msigdb/dataset/v2022.1.Mm/m5.go.v2022.1.Mm.symbols.gmt contains double '/'. This is likely unintended. It can also lead to inconsistent results of the file-matching approach used by Snakemake.
File path /sto1/ref/bioinfotree/task//msigdb/dataset/v2022.1.Mm//sto1/ref/bioinfotree/task//msigdb/dataset/v2022.1.Mm/m5.go.v2022.1.Mm.symbols.v2022.1.Mm.symbols.gmt.gz contains double '/'. This is likely unintended. It can also lead to inconsistent results of the file-matching approach used by Snakemake.
File path /sto1/ref/bioinfotree/task//msigdb/dataset/v2022.1.Mm/m5.go.v2022.1.Mm.symbols.gmt contains double '/'. This is likely unintended. It can also lead to inconsistent results of the file-matching approach used by Snakemake.
File path /sto1/ref/bioinfotree/task//msigdb/dataset/v2022.1.Mm/m5.mpt.v2022.1.Mm.symbols.gmt.gz contains double '/'. This is likely unintended. It can also lead to inconsistent results of the file-matching approach used by Snakemake.
File path /sto1/ref/bioinfotree/task//msigdb/dataset/v2022.1.Mm/m5.mpt.v2022.1.Mm.symbols.gmt contains double '/'. This is likely unintended. It can also lead to inconsistent results of the file-matching approach used by Snakemake.
File path /sto1/ref/bioinfotree/task//msigdb/dataset/v2022.1.Mm//sto1/ref/bioinfotree/task//msigdb/dataset/v2022.1.Mm/m5.mpt.v2022.1.Mm.symbols.v2022.1.Mm.symbols.gmt.gz contains double '/'. This is likely unintended. It can also lead to inconsistent results of the file-matching approach used by Snakemake.
File path /sto1/ref/bioinfotree/task//msigdb/dataset/v2022.1.Mm/m5.mpt.v2022.1.Mm.symbols.gmt contains double '/'. This is likely unintended. It can also lead to inconsistent results of the file-matching approach used by Snakemake.
File path /sto1/ref/bioinfotree/task//msigdb/dataset/v2022.1.Mm/m8.all.v2022.1.Mm.symbols.gmt.gz contains double '/'. This is likely unintended. It can also lead to inconsistent results of the file-matching approach used by Snakemake.
File path /sto1/ref/bioinfotree/task//msigdb/dataset/v2022.1.Mm/m8.all.v2022.1.Mm.symbols.gmt contains double '/'. This is likely unintended. It can also lead to inconsistent results of the file-matching approach used by Snakemake.
File path /sto1/ref/bioinfotree/task//msigdb/dataset/v2022.1.Mm//sto1/ref/bioinfotree/task//msigdb/dataset/v2022.1.Mm/m8.all.v2022.1.Mm.symbols.v2022.1.Mm.symbols.gmt.gz contains double '/'. This is likely unintended. It can also lead to inconsistent results of the file-matching approach used by Snakemake.
File path /sto1/ref/bioinfotree/task//msigdb/dataset/v2022.1.Mm/m8.all.v2022.1.Mm.symbols.gmt contains double '/'. This is likely unintended. It can also lead to inconsistent results of the file-matching approach used by Snakemake.
File path /sto1/ref/bioinfotree/task//msigdb/dataset/v2022.1.Mm/mh.all.v2022.1.Mm.symbols.gmt.gz contains double '/'. This is likely unintended. It can also lead to inconsistent results of the file-matching approach used by Snakemake.
File path /sto1/ref/bioinfotree/task//msigdb/dataset/v2022.1.Mm/mh.all.v2022.1.Mm.symbols.gmt contains double '/'. This is likely unintended. It can also lead to inconsistent results of the file-matching approach used by Snakemake.
File path /sto1/ref/bioinfotree/task//msigdb/dataset/v2022.1.Mm//sto1/ref/bioinfotree/task//msigdb/dataset/v2022.1.Mm/mh.all.v2022.1.Mm.symbols.v2022.1.Mm.symbols.gmt.gz contains double '/'. This is likely unintended. It can also lead to inconsistent results of the file-matching approach used by Snakemake.
File path /sto1/ref/bioinfotree/task//msigdb/dataset/v2022.1.Mm/mh.all.v2022.1.Mm.symbols.gmt contains double '/'. This is likely unintended. It can also lead to inconsistent results of the file-matching approach used by Snakemake.
Using shell: /usr/bin/bash
Provided cores: 10
Rules claiming more threads will be scaled down.
Job stats:
job                 count    min threads    max threads
----------------  -------  -------------  -------------
create_gmt_gz          18              1              1
header_added_gz         1              1              1
logFC_rnk               1              1              1
mdsum_file              1              1              1
multi_fGSEA             1              1              1
multi_fGSEA_link        1              1              1
run_fgsea              18              1              1
tab_to_xlsx             1              1              1
total                  42              1              1

Select jobs to execute...

[Thu Oct 27 12:34:57 2022]
rule create_gmt_gz:
    input: /sto1/ref/bioinfotree/task//msigdb/dataset/v2022.1.Mm/m5.all.v2022.1.Mm.symbols.gmt.gz
    output: m5.all.gmt
    jobid: 26
    wildcards: gene_set=m5.all
    resources: tmpdir=/sto1/tmp


		gunzip < /sto1/ref/bioinfotree/task//msigdb/dataset/v2022.1.Mm/m5.all.v2022.1.Mm.symbols.gmt.gz > m5.all.gmt
	

[Thu Oct 27 12:34:57 2022]
rule create_gmt_gz:
    input: /sto1/ref/bioinfotree/task//msigdb/dataset/v2022.1.Mm/m3.all.v2022.1.Mm.symbols.gmt.gz
    output: m3.all.gmt
    jobid: 20
    wildcards: gene_set=m3.all
    resources: tmpdir=/sto1/tmp


		gunzip < /sto1/ref/bioinfotree/task//msigdb/dataset/v2022.1.Mm/m3.all.v2022.1.Mm.symbols.gmt.gz > m3.all.gmt
	

[Thu Oct 27 12:34:57 2022]
rule create_gmt_gz:
    input: /sto1/ref/bioinfotree/task//msigdb/dataset/v2022.1.Mm/m5.go.bp.v2022.1.Mm.symbols.gmt.gz
    output: m5.go.bp.gmt
    jobid: 28
    wildcards: gene_set=m5.go.bp
    resources: tmpdir=/sto1/tmp


		gunzip < /sto1/ref/bioinfotree/task//msigdb/dataset/v2022.1.Mm/m5.go.bp.v2022.1.Mm.symbols.gmt.gz > m5.go.bp.gmt
	

[Thu Oct 27 12:34:57 2022]
rule create_gmt_gz:
    input: /sto1/ref/bioinfotree/task//msigdb/dataset/v2022.1.Mm/m2.all.v2022.1.Mm.symbols.gmt.gz
    output: m2.all.gmt
    jobid: 8
    wildcards: gene_set=m2.all
    resources: tmpdir=/sto1/tmp


		gunzip < /sto1/ref/bioinfotree/task//msigdb/dataset/v2022.1.Mm/m2.all.v2022.1.Mm.symbols.gmt.gz > m2.all.gmt
	

[Thu Oct 27 12:34:57 2022]
rule logFC_rnk:
    input: ../../../edger.toptable_clean.contrast_condition.gz
    output: edger.condition.logFC.rnk
    jobid: 6
    wildcards: dgetool=edger, contrast=condition
    resources: tmpdir=/sto1/tmp


		bawk '$Pvalue_adj!="NA" {print $GeneID, $logFC}' ../../../edger.toptable_clean.contrast_condition.gz | bsort -k2,2g > edger.condition.logFC.rnk
	

[Thu Oct 27 12:34:57 2022]
rule create_gmt_gz:
    input: /sto1/ref/bioinfotree/task//msigdb/dataset/v2022.1.Mm/m2.cgp.v2022.1.Mm.symbols.gmt.gz
    output: m2.cgp.gmt
    jobid: 10
    wildcards: gene_set=m2.cgp
    resources: tmpdir=/sto1/tmp


		gunzip < /sto1/ref/bioinfotree/task//msigdb/dataset/v2022.1.Mm/m2.cgp.v2022.1.Mm.symbols.gmt.gz > m2.cgp.gmt
	

[Thu Oct 27 12:34:57 2022]
rule create_gmt_gz:
    input: /sto1/ref/bioinfotree/task//msigdb/dataset/v2022.1.Mm/m5.go.mf.v2022.1.Mm.symbols.gmt.gz
    output: m5.go.mf.gmt
    jobid: 32
    wildcards: gene_set=m5.go.mf
    resources: tmpdir=/sto1/tmp


		gunzip < /sto1/ref/bioinfotree/task//msigdb/dataset/v2022.1.Mm/m5.go.mf.v2022.1.Mm.symbols.gmt.gz > m5.go.mf.gmt
	

[Thu Oct 27 12:34:57 2022]
rule create_gmt_gz:
    input: /sto1/ref/bioinfotree/task//msigdb/dataset/v2022.1.Mm/m5.go.v2022.1.Mm.symbols.gmt.gz
    output: m5.go.gmt
    jobid: 34
    wildcards: gene_set=m5.go
    resources: tmpdir=/sto1/tmp


		gunzip < /sto1/ref/bioinfotree/task//msigdb/dataset/v2022.1.Mm/m5.go.v2022.1.Mm.symbols.gmt.gz > m5.go.gmt
	

[Thu Oct 27 12:34:57 2022]
rule create_gmt_gz:
    input: /sto1/ref/bioinfotree/task//msigdb/dataset/v2022.1.Mm/m3.gtrd.v2022.1.Mm.symbols.gmt.gz
    output: m3.gtrd.gmt
    jobid: 22
    wildcards: gene_set=m3.gtrd
    resources: tmpdir=/sto1/tmp


		gunzip < /sto1/ref/bioinfotree/task//msigdb/dataset/v2022.1.Mm/m3.gtrd.v2022.1.Mm.symbols.gmt.gz > m3.gtrd.gmt
	

[Thu Oct 27 12:34:57 2022]
rule create_gmt_gz:
    input: /sto1/ref/bioinfotree/task//msigdb/dataset/v2022.1.Mm/m3.mirdb.v2022.1.Mm.symbols.gmt.gz
    output: m3.mirdb.gmt
    jobid: 24
    wildcards: gene_set=m3.mirdb
    resources: tmpdir=/sto1/tmp


		gunzip < /sto1/ref/bioinfotree/task//msigdb/dataset/v2022.1.Mm/m3.mirdb.v2022.1.Mm.symbols.gmt.gz > m3.mirdb.gmt
	
[Thu Oct 27 12:34:57 2022]
Finished job 22.
1 of 42 steps (2%) done
Select jobs to execute...

[Thu Oct 27 12:34:57 2022]
rule create_gmt_gz:
    input: /sto1/ref/bioinfotree/task//msigdb/dataset/v2022.1.Mm/m5.go.cc.v2022.1.Mm.symbols.gmt.gz
    output: m5.go.cc.gmt
    jobid: 30
    wildcards: gene_set=m5.go.cc
    resources: tmpdir=/sto1/tmp


		gunzip < /sto1/ref/bioinfotree/task//msigdb/dataset/v2022.1.Mm/m5.go.cc.v2022.1.Mm.symbols.gmt.gz > m5.go.cc.gmt
	
[Thu Oct 27 12:34:57 2022]
Finished job 8.
2 of 42 steps (5%) done
[Thu Oct 27 12:34:57 2022]
Finished job 10.
3 of 42 steps (7%) done
[Thu Oct 27 12:34:57 2022]
Finished job 24.
4 of 42 steps (10%) done
Select jobs to execute...

[Thu Oct 27 12:34:57 2022]
rule create_gmt_gz:
    input: /sto1/ref/bioinfotree/task//msigdb/dataset/v2022.1.Mm/m2.cp.v2022.1.Mm.symbols.gmt.gz
    output: m2.cp.gmt
    jobid: 16
    wildcards: gene_set=m2.cp
    resources: tmpdir=/sto1/tmp


		gunzip < /sto1/ref/bioinfotree/task//msigdb/dataset/v2022.1.Mm/m2.cp.v2022.1.Mm.symbols.gmt.gz > m2.cp.gmt
	

[Thu Oct 27 12:34:57 2022]
rule create_gmt_gz:
    input: /sto1/ref/bioinfotree/task//msigdb/dataset/v2022.1.Mm/m1.all.v2022.1.Mm.symbols.gmt.gz
    output: m1.all.gmt
    jobid: 5
    wildcards: gene_set=m1.all
    resources: tmpdir=/sto1/tmp


		gunzip < /sto1/ref/bioinfotree/task//msigdb/dataset/v2022.1.Mm/m1.all.v2022.1.Mm.symbols.gmt.gz > m1.all.gmt
	

[Thu Oct 27 12:34:57 2022]
rule create_gmt_gz:
    input: /sto1/ref/bioinfotree/task//msigdb/dataset/v2022.1.Mm/m2.cp.reactome.v2022.1.Mm.symbols.gmt.gz
    output: m2.cp.reactome.gmt
    jobid: 14
    wildcards: gene_set=m2.cp.reactome
    resources: tmpdir=/sto1/tmp


		gunzip < /sto1/ref/bioinfotree/task//msigdb/dataset/v2022.1.Mm/m2.cp.reactome.v2022.1.Mm.symbols.gmt.gz > m2.cp.reactome.gmt
	
[Thu Oct 27 12:34:57 2022]
Finished job 32.
5 of 42 steps (12%) done
[Thu Oct 27 12:34:57 2022]
Finished job 30.
6 of 42 steps (14%) done
[Thu Oct 27 12:34:57 2022]
Finished job 20.
7 of 42 steps (17%) done
Select jobs to execute...

[Thu Oct 27 12:34:57 2022]
rule create_gmt_gz:
    input: /sto1/ref/bioinfotree/task//msigdb/dataset/v2022.1.Mm/m8.all.v2022.1.Mm.symbols.gmt.gz
    output: m8.all.gmt
    jobid: 38
    wildcards: gene_set=m8.all
    resources: tmpdir=/sto1/tmp


		gunzip < /sto1/ref/bioinfotree/task//msigdb/dataset/v2022.1.Mm/m8.all.v2022.1.Mm.symbols.gmt.gz > m8.all.gmt
	

[Thu Oct 27 12:34:57 2022]
rule create_gmt_gz:
    input: /sto1/ref/bioinfotree/task//msigdb/dataset/v2022.1.Mm/m2.cp.wikipathways.v2022.1.Mm.symbols.gmt.gz
    output: m2.cp.wikipathways.gmt
    jobid: 18
    wildcards: gene_set=m2.cp.wikipathways
    resources: tmpdir=/sto1/tmp


		gunzip < /sto1/ref/bioinfotree/task//msigdb/dataset/v2022.1.Mm/m2.cp.wikipathways.v2022.1.Mm.symbols.gmt.gz > m2.cp.wikipathways.gmt
	

[Thu Oct 27 12:34:57 2022]
rule create_gmt_gz:
    input: /sto1/ref/bioinfotree/task//msigdb/dataset/v2022.1.Mm/mh.all.v2022.1.Mm.symbols.gmt.gz
    output: mh.all.gmt
    jobid: 40
    wildcards: gene_set=mh.all
    resources: tmpdir=/sto1/tmp


		gunzip < /sto1/ref/bioinfotree/task//msigdb/dataset/v2022.1.Mm/mh.all.v2022.1.Mm.symbols.gmt.gz > mh.all.gmt
	
[Thu Oct 27 12:34:57 2022]
Finished job 16.
8 of 42 steps (19%) done
[Thu Oct 27 12:34:57 2022]
Finished job 26.
9 of 42 steps (21%) done
[Thu Oct 27 12:34:57 2022]
Finished job 28.
10 of 42 steps (24%) done
[Thu Oct 27 12:34:57 2022]
Finished job 14.
11 of 42 steps (26%) done
[Thu Oct 27 12:34:57 2022]
Finished job 5.
12 of 42 steps (29%) done
Select jobs to execute...

[Thu Oct 27 12:34:57 2022]
rule create_gmt_gz:
    input: /sto1/ref/bioinfotree/task//msigdb/dataset/v2022.1.Mm/m2.cp.biocarta.v2022.1.Mm.symbols.gmt.gz
    output: m2.cp.biocarta.gmt
    jobid: 12
    wildcards: gene_set=m2.cp.biocarta
    resources: tmpdir=/sto1/tmp


		gunzip < /sto1/ref/bioinfotree/task//msigdb/dataset/v2022.1.Mm/m2.cp.biocarta.v2022.1.Mm.symbols.gmt.gz > m2.cp.biocarta.gmt
	

[Thu Oct 27 12:34:57 2022]
rule create_gmt_gz:
    input: /sto1/ref/bioinfotree/task//msigdb/dataset/v2022.1.Mm/m5.mpt.v2022.1.Mm.symbols.gmt.gz
    output: m5.mpt.gmt
    jobid: 36
    wildcards: gene_set=m5.mpt
    resources: tmpdir=/sto1/tmp


		gunzip < /sto1/ref/bioinfotree/task//msigdb/dataset/v2022.1.Mm/m5.mpt.v2022.1.Mm.symbols.gmt.gz > m5.mpt.gmt
	
[Thu Oct 27 12:34:57 2022]
Finished job 38.
13 of 42 steps (31%) done
[Thu Oct 27 12:34:57 2022]
Finished job 18.
14 of 42 steps (33%) done
[Thu Oct 27 12:34:57 2022]
Finished job 34.
15 of 42 steps (36%) done
[Thu Oct 27 12:34:57 2022]
Finished job 40.
16 of 42 steps (38%) done
[Thu Oct 27 12:34:57 2022]
Finished job 12.
17 of 42 steps (40%) done
[Thu Oct 27 12:34:57 2022]
Finished job 36.
18 of 42 steps (43%) done
[Thu Oct 27 12:34:57 2022]
Finished job 6.
19 of 42 steps (45%) done
Select jobs to execute...

[Thu Oct 27 12:34:57 2022]
rule run_fgsea:
    input: m5.go.gmt, edger.condition.logFC.rnk
    output: fGSEA_Results/edger.condition.logFC.rnk.m5.go.gmt.fGSEA.tab
    jobid: 33
    wildcards: rnk_file=edger.condition.logFC, gmt_file=m5.go
    resources: tmpdir=/sto1/tmp


		set +u; source /sto1/ref/miniconda2/etc/profile.d/conda.sh ; conda activate ; conda activate rstudio_Rv4.0.3; export LD_LIBRARY_PATH=/sto1/ref/miniconda2/envs/rstudio_Rv4.0.3/jre/lib/amd64/server; 		Rscript ../../local/bin/fgsea.CommandLine.R 			-g m5.go.gmt 			-r edger.condition.logFC.rnk 			-n 1000 			-b 5000 			-s 5 			-d fGSEA_Results 			-l Leading_Edge 			--gseaParam 0
	

[Thu Oct 27 12:34:57 2022]
rule run_fgsea:
    input: m3.gtrd.gmt, edger.condition.logFC.rnk
    output: fGSEA_Results/edger.condition.logFC.rnk.m3.gtrd.gmt.fGSEA.tab
    jobid: 21
    wildcards: rnk_file=edger.condition.logFC, gmt_file=m3.gtrd
    resources: tmpdir=/sto1/tmp


		set +u; source /sto1/ref/miniconda2/etc/profile.d/conda.sh ; conda activate ; conda activate rstudio_Rv4.0.3; export LD_LIBRARY_PATH=/sto1/ref/miniconda2/envs/rstudio_Rv4.0.3/jre/lib/amd64/server; 		Rscript ../../local/bin/fgsea.CommandLine.R 			-g m3.gtrd.gmt 			-r edger.condition.logFC.rnk 			-n 1000 			-b 5000 			-s 5 			-d fGSEA_Results 			-l Leading_Edge 			--gseaParam 0
	

[Thu Oct 27 12:34:57 2022]
rule run_fgsea:
    input: m3.mirdb.gmt, edger.condition.logFC.rnk
    output: fGSEA_Results/edger.condition.logFC.rnk.m3.mirdb.gmt.fGSEA.tab
    jobid: 23
    wildcards: rnk_file=edger.condition.logFC, gmt_file=m3.mirdb
    resources: tmpdir=/sto1/tmp


		set +u; source /sto1/ref/miniconda2/etc/profile.d/conda.sh ; conda activate ; conda activate rstudio_Rv4.0.3; export LD_LIBRARY_PATH=/sto1/ref/miniconda2/envs/rstudio_Rv4.0.3/jre/lib/amd64/server; 		Rscript ../../local/bin/fgsea.CommandLine.R 			-g m3.mirdb.gmt 			-r edger.condition.logFC.rnk 			-n 1000 			-b 5000 			-s 5 			-d fGSEA_Results 			-l Leading_Edge 			--gseaParam 0
	

[Thu Oct 27 12:34:57 2022]
rule run_fgsea:
    input: m5.all.gmt, edger.condition.logFC.rnk
    output: fGSEA_Results/edger.condition.logFC.rnk.m5.all.gmt.fGSEA.tab
    jobid: 25
    wildcards: rnk_file=edger.condition.logFC, gmt_file=m5.all
    resources: tmpdir=/sto1/tmp


		set +u; source /sto1/ref/miniconda2/etc/profile.d/conda.sh ; conda activate ; conda activate rstudio_Rv4.0.3; export LD_LIBRARY_PATH=/sto1/ref/miniconda2/envs/rstudio_Rv4.0.3/jre/lib/amd64/server; 		Rscript ../../local/bin/fgsea.CommandLine.R 			-g m5.all.gmt 			-r edger.condition.logFC.rnk 			-n 1000 			-b 5000 			-s 5 			-d fGSEA_Results 			-l Leading_Edge 			--gseaParam 0
	

[Thu Oct 27 12:34:57 2022]
rule run_fgsea:
    input: m5.go.mf.gmt, edger.condition.logFC.rnk
    output: fGSEA_Results/edger.condition.logFC.rnk.m5.go.mf.gmt.fGSEA.tab
    jobid: 31
    wildcards: rnk_file=edger.condition.logFC, gmt_file=m5.go.mf
    resources: tmpdir=/sto1/tmp


		set +u; source /sto1/ref/miniconda2/etc/profile.d/conda.sh ; conda activate ; conda activate rstudio_Rv4.0.3; export LD_LIBRARY_PATH=/sto1/ref/miniconda2/envs/rstudio_Rv4.0.3/jre/lib/amd64/server; 		Rscript ../../local/bin/fgsea.CommandLine.R 			-g m5.go.mf.gmt 			-r edger.condition.logFC.rnk 			-n 1000 			-b 5000 			-s 5 			-d fGSEA_Results 			-l Leading_Edge 			--gseaParam 0
	

[Thu Oct 27 12:34:57 2022]
rule run_fgsea:
    input: m3.all.gmt, edger.condition.logFC.rnk
    output: fGSEA_Results/edger.condition.logFC.rnk.m3.all.gmt.fGSEA.tab
    jobid: 19
    wildcards: rnk_file=edger.condition.logFC, gmt_file=m3.all
    resources: tmpdir=/sto1/tmp


		set +u; source /sto1/ref/miniconda2/etc/profile.d/conda.sh ; conda activate ; conda activate rstudio_Rv4.0.3; export LD_LIBRARY_PATH=/sto1/ref/miniconda2/envs/rstudio_Rv4.0.3/jre/lib/amd64/server; 		Rscript ../../local/bin/fgsea.CommandLine.R 			-g m3.all.gmt 			-r edger.condition.logFC.rnk 			-n 1000 			-b 5000 			-s 5 			-d fGSEA_Results 			-l Leading_Edge 			--gseaParam 0
	

[Thu Oct 27 12:34:57 2022]
rule run_fgsea:
    input: m5.go.bp.gmt, edger.condition.logFC.rnk
    output: fGSEA_Results/edger.condition.logFC.rnk.m5.go.bp.gmt.fGSEA.tab
    jobid: 27
    wildcards: rnk_file=edger.condition.logFC, gmt_file=m5.go.bp
    resources: tmpdir=/sto1/tmp


		set +u; source /sto1/ref/miniconda2/etc/profile.d/conda.sh ; conda activate ; conda activate rstudio_Rv4.0.3; export LD_LIBRARY_PATH=/sto1/ref/miniconda2/envs/rstudio_Rv4.0.3/jre/lib/amd64/server; 		Rscript ../../local/bin/fgsea.CommandLine.R 			-g m5.go.bp.gmt 			-r edger.condition.logFC.rnk 			-n 1000 			-b 5000 			-s 5 			-d fGSEA_Results 			-l Leading_Edge 			--gseaParam 0
	

[Thu Oct 27 12:34:57 2022]
rule run_fgsea:
    input: m2.all.gmt, edger.condition.logFC.rnk
    output: fGSEA_Results/edger.condition.logFC.rnk.m2.all.gmt.fGSEA.tab
    jobid: 7
    wildcards: rnk_file=edger.condition.logFC, gmt_file=m2.all
    resources: tmpdir=/sto1/tmp


		set +u; source /sto1/ref/miniconda2/etc/profile.d/conda.sh ; conda activate ; conda activate rstudio_Rv4.0.3; export LD_LIBRARY_PATH=/sto1/ref/miniconda2/envs/rstudio_Rv4.0.3/jre/lib/amd64/server; 		Rscript ../../local/bin/fgsea.CommandLine.R 			-g m2.all.gmt 			-r edger.condition.logFC.rnk 			-n 1000 			-b 5000 			-s 5 			-d fGSEA_Results 			-l Leading_Edge 			--gseaParam 0
	

[Thu Oct 27 12:34:57 2022]
rule run_fgsea:
    input: m2.cp.gmt, edger.condition.logFC.rnk
    output: fGSEA_Results/edger.condition.logFC.rnk.m2.cp.gmt.fGSEA.tab
    jobid: 15
    wildcards: rnk_file=edger.condition.logFC, gmt_file=m2.cp
    resources: tmpdir=/sto1/tmp


		set +u; source /sto1/ref/miniconda2/etc/profile.d/conda.sh ; conda activate ; conda activate rstudio_Rv4.0.3; export LD_LIBRARY_PATH=/sto1/ref/miniconda2/envs/rstudio_Rv4.0.3/jre/lib/amd64/server; 		Rscript ../../local/bin/fgsea.CommandLine.R 			-g m2.cp.gmt 			-r edger.condition.logFC.rnk 			-n 1000 			-b 5000 			-s 5 			-d fGSEA_Results 			-l Leading_Edge 			--gseaParam 0
	

[Thu Oct 27 12:34:57 2022]
rule run_fgsea:
    input: m2.cgp.gmt, edger.condition.logFC.rnk
    output: fGSEA_Results/edger.condition.logFC.rnk.m2.cgp.gmt.fGSEA.tab
    jobid: 9
    wildcards: rnk_file=edger.condition.logFC, gmt_file=m2.cgp
    resources: tmpdir=/sto1/tmp


		set +u; source /sto1/ref/miniconda2/etc/profile.d/conda.sh ; conda activate ; conda activate rstudio_Rv4.0.3; export LD_LIBRARY_PATH=/sto1/ref/miniconda2/envs/rstudio_Rv4.0.3/jre/lib/amd64/server; 		Rscript ../../local/bin/fgsea.CommandLine.R 			-g m2.cgp.gmt 			-r edger.condition.logFC.rnk 			-n 1000 			-b 5000 			-s 5 			-d fGSEA_Results 			-l Leading_Edge 			--gseaParam 0
	
[Thu Oct 27 12:35:12 2022]
Finished job 31.
20 of 42 steps (48%) done
Select jobs to execute...

[Thu Oct 27 12:35:12 2022]
rule run_fgsea:
    input: m5.go.cc.gmt, edger.condition.logFC.rnk
    output: fGSEA_Results/edger.condition.logFC.rnk.m5.go.cc.gmt.fGSEA.tab
    jobid: 29
    wildcards: rnk_file=edger.condition.logFC, gmt_file=m5.go.cc
    resources: tmpdir=/sto1/tmp


		set +u; source /sto1/ref/miniconda2/etc/profile.d/conda.sh ; conda activate ; conda activate rstudio_Rv4.0.3; export LD_LIBRARY_PATH=/sto1/ref/miniconda2/envs/rstudio_Rv4.0.3/jre/lib/amd64/server; 		Rscript ../../local/bin/fgsea.CommandLine.R 			-g m5.go.cc.gmt 			-r edger.condition.logFC.rnk 			-n 1000 			-b 5000 			-s 5 			-d fGSEA_Results 			-l Leading_Edge 			--gseaParam 0
	
[Thu Oct 27 12:35:12 2022]
Finished job 21.
21 of 42 steps (50%) done
Select jobs to execute...

[Thu Oct 27 12:35:12 2022]
rule run_fgsea:
    input: m2.cp.reactome.gmt, edger.condition.logFC.rnk
    output: fGSEA_Results/edger.condition.logFC.rnk.m2.cp.reactome.gmt.fGSEA.tab
    jobid: 13
    wildcards: rnk_file=edger.condition.logFC, gmt_file=m2.cp.reactome
    resources: tmpdir=/sto1/tmp


		set +u; source /sto1/ref/miniconda2/etc/profile.d/conda.sh ; conda activate ; conda activate rstudio_Rv4.0.3; export LD_LIBRARY_PATH=/sto1/ref/miniconda2/envs/rstudio_Rv4.0.3/jre/lib/amd64/server; 		Rscript ../../local/bin/fgsea.CommandLine.R 			-g m2.cp.reactome.gmt 			-r edger.condition.logFC.rnk 			-n 1000 			-b 5000 			-s 5 			-d fGSEA_Results 			-l Leading_Edge 			--gseaParam 0
	
[Thu Oct 27 12:35:13 2022]
Finished job 7.
22 of 42 steps (52%) done
Select jobs to execute...

[Thu Oct 27 12:35:13 2022]
rule run_fgsea:
    input: m1.all.gmt, edger.condition.logFC.rnk
    output: fGSEA_Results/edger.condition.logFC.rnk.m1.all.gmt.fGSEA.tab
    jobid: 4
    wildcards: rnk_file=edger.condition.logFC, gmt_file=m1.all
    resources: tmpdir=/sto1/tmp


		set +u; source /sto1/ref/miniconda2/etc/profile.d/conda.sh ; conda activate ; conda activate rstudio_Rv4.0.3; export LD_LIBRARY_PATH=/sto1/ref/miniconda2/envs/rstudio_Rv4.0.3/jre/lib/amd64/server; 		Rscript ../../local/bin/fgsea.CommandLine.R 			-g m1.all.gmt 			-r edger.condition.logFC.rnk 			-n 1000 			-b 5000 			-s 5 			-d fGSEA_Results 			-l Leading_Edge 			--gseaParam 0
	
[Thu Oct 27 12:35:13 2022]
Finished job 23.
23 of 42 steps (55%) done
Select jobs to execute...

[Thu Oct 27 12:35:13 2022]
rule run_fgsea:
    input: m8.all.gmt, edger.condition.logFC.rnk
    output: fGSEA_Results/edger.condition.logFC.rnk.m8.all.gmt.fGSEA.tab
    jobid: 37
    wildcards: rnk_file=edger.condition.logFC, gmt_file=m8.all
    resources: tmpdir=/sto1/tmp


		set +u; source /sto1/ref/miniconda2/etc/profile.d/conda.sh ; conda activate ; conda activate rstudio_Rv4.0.3; export LD_LIBRARY_PATH=/sto1/ref/miniconda2/envs/rstudio_Rv4.0.3/jre/lib/amd64/server; 		Rscript ../../local/bin/fgsea.CommandLine.R 			-g m8.all.gmt 			-r edger.condition.logFC.rnk 			-n 1000 			-b 5000 			-s 5 			-d fGSEA_Results 			-l Leading_Edge 			--gseaParam 0
	
[Thu Oct 27 12:35:13 2022]
Finished job 15.
24 of 42 steps (57%) done
Select jobs to execute...

[Thu Oct 27 12:35:13 2022]
rule run_fgsea:
    input: m2.cp.wikipathways.gmt, edger.condition.logFC.rnk
    output: fGSEA_Results/edger.condition.logFC.rnk.m2.cp.wikipathways.gmt.fGSEA.tab
    jobid: 17
    wildcards: rnk_file=edger.condition.logFC, gmt_file=m2.cp.wikipathways
    resources: tmpdir=/sto1/tmp


		set +u; source /sto1/ref/miniconda2/etc/profile.d/conda.sh ; conda activate ; conda activate rstudio_Rv4.0.3; export LD_LIBRARY_PATH=/sto1/ref/miniconda2/envs/rstudio_Rv4.0.3/jre/lib/amd64/server; 		Rscript ../../local/bin/fgsea.CommandLine.R 			-g m2.cp.wikipathways.gmt 			-r edger.condition.logFC.rnk 			-n 1000 			-b 5000 			-s 5 			-d fGSEA_Results 			-l Leading_Edge 			--gseaParam 0
	
[Thu Oct 27 12:35:13 2022]
Finished job 9.
25 of 42 steps (60%) done
Select jobs to execute...

[Thu Oct 27 12:35:13 2022]
rule run_fgsea:
    input: m2.cp.biocarta.gmt, edger.condition.logFC.rnk
    output: fGSEA_Results/edger.condition.logFC.rnk.m2.cp.biocarta.gmt.fGSEA.tab
    jobid: 11
    wildcards: rnk_file=edger.condition.logFC, gmt_file=m2.cp.biocarta
    resources: tmpdir=/sto1/tmp


		set +u; source /sto1/ref/miniconda2/etc/profile.d/conda.sh ; conda activate ; conda activate rstudio_Rv4.0.3; export LD_LIBRARY_PATH=/sto1/ref/miniconda2/envs/rstudio_Rv4.0.3/jre/lib/amd64/server; 		Rscript ../../local/bin/fgsea.CommandLine.R 			-g m2.cp.biocarta.gmt 			-r edger.condition.logFC.rnk 			-n 1000 			-b 5000 			-s 5 			-d fGSEA_Results 			-l Leading_Edge 			--gseaParam 0
	
[Thu Oct 27 12:35:15 2022]
Finished job 19.
26 of 42 steps (62%) done
Select jobs to execute...

[Thu Oct 27 12:35:15 2022]
rule run_fgsea:
    input: mh.all.gmt, edger.condition.logFC.rnk
    output: fGSEA_Results/edger.condition.logFC.rnk.mh.all.gmt.fGSEA.tab
    jobid: 39
    wildcards: rnk_file=edger.condition.logFC, gmt_file=mh.all
    resources: tmpdir=/sto1/tmp


		set +u; source /sto1/ref/miniconda2/etc/profile.d/conda.sh ; conda activate ; conda activate rstudio_Rv4.0.3; export LD_LIBRARY_PATH=/sto1/ref/miniconda2/envs/rstudio_Rv4.0.3/jre/lib/amd64/server; 		Rscript ../../local/bin/fgsea.CommandLine.R 			-g mh.all.gmt 			-r edger.condition.logFC.rnk 			-n 1000 			-b 5000 			-s 5 			-d fGSEA_Results 			-l Leading_Edge 			--gseaParam 0
	
[Thu Oct 27 12:35:16 2022]
Finished job 25.
27 of 42 steps (64%) done
Select jobs to execute...

[Thu Oct 27 12:35:16 2022]
rule run_fgsea:
    input: m5.mpt.gmt, edger.condition.logFC.rnk
    output: fGSEA_Results/edger.condition.logFC.rnk.m5.mpt.gmt.fGSEA.tab
    jobid: 35
    wildcards: rnk_file=edger.condition.logFC, gmt_file=m5.mpt
    resources: tmpdir=/sto1/tmp


		set +u; source /sto1/ref/miniconda2/etc/profile.d/conda.sh ; conda activate ; conda activate rstudio_Rv4.0.3; export LD_LIBRARY_PATH=/sto1/ref/miniconda2/envs/rstudio_Rv4.0.3/jre/lib/amd64/server; 		Rscript ../../local/bin/fgsea.CommandLine.R 			-g m5.mpt.gmt 			-r edger.condition.logFC.rnk 			-n 1000 			-b 5000 			-s 5 			-d fGSEA_Results 			-l Leading_Edge 			--gseaParam 0
	
[Thu Oct 27 12:35:18 2022]
Finished job 33.
28 of 42 steps (67%) done
Select jobs to execute...

[Thu Oct 27 12:35:18 2022]
rule mdsum_file:
    input: edger.condition.logFC.rnk
    output: rnk_md5sum.txt
    jobid: 41
    resources: tmpdir=/sto1/tmp


		for i in $(ls *rnk); do 			touch -a rnk_md5sum.txt; 			a=$PWD'/'$i; 			b=$(md5sum $a | tr " " "\t" | cut -f 1); 			echo | bawk -v b=$b -v i=$i '{print "ln -s "i" ash_rnk-"b}' >> rnk_md5sum.txt; 		done; 		cat rnk_md5sum.txt | sh
	
[Thu Oct 27 12:35:18 2022]
Finished job 41.
29 of 42 steps (69%) done
[Thu Oct 27 12:35:18 2022]
Finished job 27.
30 of 42 steps (71%) done
[Thu Oct 27 12:35:23 2022]
Finished job 4.
31 of 42 steps (74%) done
[Thu Oct 27 12:35:24 2022]
Finished job 17.
32 of 42 steps (76%) done
[Thu Oct 27 12:35:24 2022]
Finished job 29.
33 of 42 steps (79%) done
[Thu Oct 27 12:35:24 2022]
Finished job 39.
34 of 42 steps (81%) done
[Thu Oct 27 12:35:24 2022]
Finished job 37.
35 of 42 steps (83%) done
[Thu Oct 27 12:35:25 2022]
Finished job 13.
36 of 42 steps (86%) done
[Thu Oct 27 12:35:25 2022]
Finished job 11.
37 of 42 steps (88%) done
[Thu Oct 27 12:35:25 2022]
Finished job 35.
38 of 42 steps (90%) done
Select jobs to execute...

[Thu Oct 27 12:35:25 2022]
rule multi_fGSEA:
    input: fGSEA_Results/edger.condition.logFC.rnk.m1.all.gmt.fGSEA.tab, fGSEA_Results/edger.condition.logFC.rnk.m2.all.gmt.fGSEA.tab, fGSEA_Results/edger.condition.logFC.rnk.m2.cgp.gmt.fGSEA.tab, fGSEA_Results/edger.condition.logFC.rnk.m2.cp.biocarta.gmt.fGSEA.tab, fGSEA_Results/edger.condition.logFC.rnk.m2.cp.reactome.gmt.fGSEA.tab, fGSEA_Results/edger.condition.logFC.rnk.m2.cp.gmt.fGSEA.tab, fGSEA_Results/edger.condition.logFC.rnk.m2.cp.wikipathways.gmt.fGSEA.tab, fGSEA_Results/edger.condition.logFC.rnk.m3.all.gmt.fGSEA.tab, fGSEA_Results/edger.condition.logFC.rnk.m3.gtrd.gmt.fGSEA.tab, fGSEA_Results/edger.condition.logFC.rnk.m3.mirdb.gmt.fGSEA.tab, fGSEA_Results/edger.condition.logFC.rnk.m5.all.gmt.fGSEA.tab, fGSEA_Results/edger.condition.logFC.rnk.m5.go.bp.gmt.fGSEA.tab, fGSEA_Results/edger.condition.logFC.rnk.m5.go.cc.gmt.fGSEA.tab, fGSEA_Results/edger.condition.logFC.rnk.m5.go.mf.gmt.fGSEA.tab, fGSEA_Results/edger.condition.logFC.rnk.m5.go.gmt.fGSEA.tab, fGSEA_Results/edger.condition.logFC.rnk.m5.mpt.gmt.fGSEA.tab, fGSEA_Results/edger.condition.logFC.rnk.m8.all.gmt.fGSEA.tab, fGSEA_Results/edger.condition.logFC.rnk.mh.all.gmt.fGSEA.tab
    output: multi_GSEA.gz
    jobid: 3
    resources: tmpdir=/sto1/tmp


		matrix_reduce -t 'fGSEA_Results/*.rnk.*.gmt.fGSEA.tab' 		| tr ';' '\t' | grep -v 'nMoreExtreme' | gzip > multi_GSEA.gz
	
[Thu Oct 27 12:35:26 2022]
Finished job 3.
39 of 42 steps (93%) done
Select jobs to execute...

[Thu Oct 27 12:35:26 2022]
rule multi_fGSEA_link:
    input: multi_GSEA.gz, rnk_md5sum.txt
    output: multi_GSEA.link.gz
    jobid: 2
    resources: tmpdir=/sto1/tmp


		zcat multi_GSEA.gz 		| translate -a -r <(tr " " "\t" < rnk_md5sum.txt | cut -f3- | sed "s/.rnk//") 1  		| bawk '{HTTP="http://"; if(length($3)>100){HTTP=""} print $1~9, 			HTTP "molinerislab.shinyapps.io/shinysea/?rnk=" $10 "&geneset=" $2 "_" $3 "&gseaParam=" 0, 			"www.gsea-msigdb.org/gsea/msigdb/geneset_page.jsp?geneSetName=" $3}' 		| gzip > multi_GSEA.link.gz
	
[Thu Oct 27 12:35:26 2022]
Finished job 2.
40 of 42 steps (95%) done
Select jobs to execute...

[Thu Oct 27 12:35:26 2022]
rule header_added_gz:
    input: multi_GSEA.link.gz
    output: multi_GSEA.link.header_added.gz
    jobid: 1
    wildcards: file=multi_GSEA.link
    resources: tmpdir=/sto1/tmp


		(bawk -M multi_GSEA.link.gz | cut -f 2 | transpose; zcat multi_GSEA.link.gz ) | gzip > multi_GSEA.link.header_added.gz
	
[Thu Oct 27 12:35:33 2022]
Error in rule header_added_gz:
    jobid: 1
    output: multi_GSEA.link.header_added.gz
    shell:
        
		(bawk -M multi_GSEA.link.gz | cut -f 2 | transpose; zcat multi_GSEA.link.gz ) | gzip > multi_GSEA.link.header_added.gz
	
        (one of the commands exited with non-zero exit code; note that snakemake uses bash strict mode!)

Removing output files of failed job header_added_gz since they might be corrupted:
multi_GSEA.link.header_added.gz
Shutting down, this might take some time.
Exiting because a job execution failed. Look above for error message
Complete log: /sto1/epigen/Follenzi_BMEC/dataset/v1_sample_removed/DGE/SnakeGSEA/dataset/logFC/.snakemake/log/2022-10-27T123452.038020.snakemake.log
